

Microchip MPLAB XC8 Assembler V2.31 build 20201012212115 
                                                                                               Thu Feb 11 10:30:58 2021

Microchip MPLAB XC8 C Compiler v2.31 (Free license) build 20201012212115 Og1 
     1                           	processor	18F27Q43
     2                           	fnconf	rparam,??,?,0
     3                           	pagewidth 120
     4                           	opt	flic
     5                           	psect	cinit,global,reloc=2,class=CODE,delta=1
     6                           	psect	bssCOMRAM,global,class=COMRAM,space=1,delta=1,lowdata,noexec
     7                           	psect	cstackCOMRAM,global,class=COMRAM,space=1,delta=1,lowdata,noexec
     8                           	psect	text0,global,reloc=2,class=CODE,delta=1
     9                           	psect	text1,global,reloc=2,class=CODE,delta=1
    10                           	psect	text2,global,reloc=2,class=CODE,delta=1
    11                           	psect	text3,global,reloc=2,class=CODE,delta=1
    12                           	psect	text4,global,reloc=2,class=CODE,delta=1
    13                           	psect	text5,global,reloc=2,class=CODE,delta=1
    14                           	psect	text6,global,reloc=2,class=CODE,delta=1
    15                           	psect	intsave_regs,global,class=BIGRAM,space=1,delta=1,noexec
    16                           	psect	rparam,global,class=COMRAM,space=1,delta=1,noexec
    17                           	psect	idloc,global,abs,ovrld,class=IDLOC,space=5,delta=1,noexec
    18                           	psect	config,global,abs,ovrld,class=CONFIG,space=4,delta=1,noexec
    19  0000                     
    20                           ; Version 2.30
    21                           ; Generated 20/08/2020 GMT
    22                           ; 
    23                           ; Copyright © 2020, Microchip Technology Inc. and its subsidiaries ("Microchip")
    24                           ; All rights reserved.
    25                           ; 
    26                           ; This software is developed by Microchip Technology Inc. and its subsidiaries ("Microch
      +                          ip").
    27                           ; 
    28                           ; Redistribution and use in source and binary forms, with or without modification, are
    29                           ; permitted provided that the following conditions are met:
    30                           ; 
    31                           ;     1. Redistributions of source code must retain the above copyright notice, this lis
      +                          t of
    32                           ;        conditions and the following disclaimer.
    33                           ; 
    34                           ;     2. Redistributions in binary form must reproduce the above copyright notice, this 
      +                          list
    35                           ;        of conditions and the following disclaimer in the documentation and/or other
    36                           ;        materials provided with the distribution. Publication is not required when
    37                           ;        this file is used in an embedded application.
    38                           ; 
    39                           ;     3. Microchip's name may not be used to endorse or promote products derived from th
      +                          is
    40                           ;        software without specific prior written permission.
    41                           ; 
    42                           ; THIS SOFTWARE IS PROVIDED BY MICROCHIP "AS IS" AND ANY EXPRESS OR IMPLIED WARRANTIES,
    43                           ; INCLUDING, BUT NOT LIMITED TO, THE IMPLIED WARRANTIES OF MERCHANTABILITY AND FITNESS F
      +                          OR
    44                           ; PURPOSE ARE DISCLAIMED.  IN NO EVENT SHALL MICROCHIP BE LIABLE FOR ANY DIRECT, INDIREC
      +                          T,
    45                           ; INCIDENTAL, SPECIAL, EXEMPLARY, OR CONSEQUENTIAL DAMAGES (INCLUDING BUT NOT LIMITED TO
    46                           ; PROCUREMENT OF SUBSTITUTE GOODS OR SERVICES; LOSS OF USE, DATA OR PROFITS; OR BUSINESS
    47                           ; INTERRUPTION) HOWSOEVER CAUSED AND ON ANY THEORY OF LIABILITY, WHETHER IN CONTRACT, ST
      +                          RICT
    48                           ; LIABILITY, OR TORT (INCLUDING NEGLIGENCE OR OTHERWISE) ARISING IN ANY WAY OUT OF THE U
      +                          SE OF
    49                           ; THIS SOFTWARE, EVEN IF ADVISED OF THE POSSIBILITY OF SUCH DAMAGE.
    50                           ; 
    51                           ; 
    52                           ; Code-generator required, PIC18F27Q43 Definitions
    53                           ; 
    54                           ; SFR Addresses
    55  0000                     _ANSELA	set	1024
    56  0000                     _LATA	set	1214
    57  0000                     _TRISA	set	1222
    58                           
    59                           ; #config settings
    60                           
    61                           	psect	cinit
    62  01FF12                     __pcinit:
    63                           	callstack 0
    64  01FF12                     start_initialization:
    65                           	callstack 0
    66  01FF12                     __initialization:
    67                           	callstack 0
    68                           
    69                           ; Clear objects allocated to COMRAM (13 bytes)
    70  01FF12  EE01  F101         	lfsr	0,__pbssCOMRAM
    71  01FF16  0E0D               	movlw	13
    72  01FF18                     clear_0:
    73  01FF18  6AEE               	clrf	postinc0,c
    74  01FF1A  06E8               	decf	wreg,f,c
    75  01FF1C  E1FD               	bnz	clear_0
    76  01FF1E                     end_of_initialization:
    77                           	callstack 0
    78  01FF1E                     __end_of__initialization:
    79                           	callstack 0
    80  01FF1E  0100               	movlb	0
    81  01FF20  EFA3  F0FF         	goto	_main	;jump to C main() function
    82                           
    83                           	psect	bssCOMRAM
    84  000501                     __pbssCOMRAM:
    85                           	callstack 0
    86  000501                     _G_u32SystemFlags:
    87                           	callstack 0
    88  000501                     	ds	4
    89  000505                     _G_u32SystemTime1s:
    90                           	callstack 0
    91  000505                     	ds	4
    92  000509                     _G_u32SystemTime1ms:
    93                           	callstack 0
    94  000509                     	ds	4
    95  00050D                     _G_u8UserAppFlags:
    96                           	callstack 0
    97  00050D                     	ds	1
    98                           
    99                           	psect	cstackCOMRAM
   100  00050E                     __pcstackCOMRAM:
   101                           	callstack 0
   102  00050E                     UserAppRun@u32Counter:
   103                           	callstack 0
   104                           
   105                           ; 4 bytes @ 0x0
   106  00050E                     	ds	4
   107  000512                     
   108                           ; 1 bytes @ 0x4
   109 ;;
   110 ;;Main: autosize = 0, tempsize = 0, incstack = 0, save=0
   111 ;;
   112 ;; *************** function _main *****************
   113 ;; Defined at:
   114 ;;		line 35 in file "main.c"
   115 ;; Parameters:    Size  Location     Type
   116 ;;		None
   117 ;; Auto vars:     Size  Location     Type
   118 ;;		None
   119 ;; Return value:  Size  Location     Type
   120 ;;                  1    wreg      void 
   121 ;; Registers used:
   122 ;;		wreg, status,2, status,0, cstack
   123 ;; Tracked objects:
   124 ;;		On entry : 0/0
   125 ;;		On exit  : 0/0
   126 ;;		Unchanged: 0/0
   127 ;; Data sizes:     COMRAM   BANK5   BANK6   BANK7   BANK8   BANK9  BANK10  BANK11  BANK12  BANK13  BANK14  BANK15  BANK1
      +6  BANK17  BANK18  BANK19  BANK20  BANK21  BANK22  BANK23  BANK24  BANK25  BANK26  BANK27  BANK28  BANK29  BANK30  BANK3
      +1  BANK32  BANK33  BANK34  BANK35  BANK36  BANK37
   128 ;;      Params:         0       0       0       0       0       0       0       0       0       0       0       0       
      +0       0       0       0       0       0       0       0       0       0       0       0       0       0       0       
      +0       0       0       0       0       0       0
   129 ;;      Locals:         0       0       0       0       0       0       0       0       0       0       0       0       
      +0       0       0       0       0       0       0       0       0       0       0       0       0       0       0       
      +0       0       0       0       0       0       0
   130 ;;      Temps:          0       0       0       0       0       0       0       0       0       0       0       0       
      +0       0       0       0       0       0       0       0       0       0       0       0       0       0       0       
      +0       0       0       0       0       0       0
   131 ;;      Totals:         0       0       0       0       0       0       0       0       0       0       0       0       
      +0       0       0       0       0       0       0       0       0       0       0       0       0       0       0       
      +0       0       0       0       0       0       0
   132 ;;Total ram usage:        0 bytes
   133 ;; Hardware stack levels required when called:    1
   134 ;; This function calls:
   135 ;;		_ClockSetup
   136 ;;		_GpioSetup
   137 ;;		_SysTickSetup
   138 ;;		_SystemSleep
   139 ;;		_UserAppInitialize
   140 ;;		_UserAppRun
   141 ;; This function is called by:
   142 ;;		Startup code after reset
   143 ;; This function uses a non-reentrant model
   144 ;;
   145                           
   146                           	psect	text0
   147  01FF46                     __ptext0:
   148                           	callstack 0
   149  01FF46                     _main:
   150                           	callstack 127
   151  01FF46                     
   152                           ;main.c: 37:   G_u32SystemFlags |= (u32)0x80000000;
   153  01FF46  8E04               	bsf	(_G_u32SystemFlags+3)^(0+1280),7,c	;volatile
   154  01FF48                     
   155                           ;main.c: 40:   ClockSetup();
   156  01FF48  EC7E  F0FF         	call	_ClockSetup	;wreg free
   157  01FF4C                     
   158                           ;main.c: 41:   SysTickSetup();
   159  01FF4C  EC92  F0FF         	call	_SysTickSetup	;wreg free
   160  01FF50                     
   161                           ;main.c: 42:   GpioSetup();
   162  01FF50  EC81  F0FF         	call	_GpioSetup	;wreg free
   163  01FF54                     
   164                           ;main.c: 47:   UserAppInitialize();
   165  01FF54  EC80  F0FF         	call	_UserAppInitialize	;wreg free
   166  01FF58                     l787:
   167                           
   168                           ;main.c: 53:   {;main.c: 57:     UserAppRun();
   169  01FF58  ECB4  F0FF         	call	_UserAppRun	;wreg free
   170  01FF5C                     
   171                           ;main.c: 62:     SystemSleep();
   172  01FF5C  EC7F  F0FF         	call	_SystemSleep	;wreg free
   173  01FF60  EFAC  F0FF         	goto	l787
   174  01FF64  EFFE  F0FF         	goto	start
   175  01FF68                     __end_of_main:
   176                           	callstack 0
   177                           
   178 ;; *************** function _UserAppRun *****************
   179 ;; Defined at:
   180 ;;		line 95 in file "user_app.c"
   181 ;; Parameters:    Size  Location     Type
   182 ;;		None
   183 ;; Auto vars:     Size  Location     Type
   184 ;;  u32Counter      4    0[COMRAM] unsigned long 
   185 ;; Return value:  Size  Location     Type
   186 ;;                  1    wreg      void 
   187 ;; Registers used:
   188 ;;		wreg, status,2, status,0
   189 ;; Tracked objects:
   190 ;;		On entry : 0/0
   191 ;;		On exit  : 0/0
   192 ;;		Unchanged: 0/0
   193 ;; Data sizes:     COMRAM   BANK5   BANK6   BANK7   BANK8   BANK9  BANK10  BANK11  BANK12  BANK13  BANK14  BANK15  BANK1
      +6  BANK17  BANK18  BANK19  BANK20  BANK21  BANK22  BANK23  BANK24  BANK25  BANK26  BANK27  BANK28  BANK29  BANK30  BANK3
      +1  BANK32  BANK33  BANK34  BANK35  BANK36  BANK37
   194 ;;      Params:         0       0       0       0       0       0       0       0       0       0       0       0       
      +0       0       0       0       0       0       0       0       0       0       0       0       0       0       0       
      +0       0       0       0       0       0       0
   195 ;;      Locals:         4       0       0       0       0       0       0       0       0       0       0       0       
      +0       0       0       0       0       0       0       0       0       0       0       0       0       0       0       
      +0       0       0       0       0       0       0
   196 ;;      Temps:          0       0       0       0       0       0       0       0       0       0       0       0       
      +0       0       0       0       0       0       0       0       0       0       0       0       0       0       0       
      +0       0       0       0       0       0       0
   197 ;;      Totals:         4       0       0       0       0       0       0       0       0       0       0       0       
      +0       0       0       0       0       0       0       0       0       0       0       0       0       0       0       
      +0       0       0       0       0       0       0
   198 ;;Total ram usage:        4 bytes
   199 ;; Hardware stack levels used:    1
   200 ;; This function calls:
   201 ;;		Nothing
   202 ;; This function is called by:
   203 ;;		_main
   204 ;; This function uses a non-reentrant model
   205 ;;
   206                           
   207                           	psect	text1
   208  01FF68                     __ptext1:
   209                           	callstack 0
   210  01FF68                     _UserAppRun:
   211                           	callstack 127
   212  01FF68                     
   213                           ;user_app.c: 97:     u32 u32Counter = 0x00;
   214  01FF68  0E00               	movlw	0
   215  01FF6A  6E0E               	movwf	UserAppRun@u32Counter^(0+1280),c
   216  01FF6C  0E00               	movlw	0
   217  01FF6E  6E0F               	movwf	(UserAppRun@u32Counter+1)^(0+1280),c
   218  01FF70  0E00               	movlw	0
   219  01FF72  6E10               	movwf	(UserAppRun@u32Counter+2)^(0+1280),c
   220  01FF74  0E00               	movlw	0
   221  01FF76  6E11               	movwf	(UserAppRun@u32Counter+3)^(0+1280),c
   222                           
   223                           ;user_app.c: 101:     while(LATA < 0xBF)
   224  01FF78  EFDC  F0FF         	goto	l755
   225  01FF7C                     l749:
   226                           
   227                           ;user_app.c: 106:         {;user_app.c: 107:             u32Counter++;
   228  01FF7C  0E01               	movlw	1
   229  01FF7E  260E               	addwf	UserAppRun@u32Counter^(0+1280),f,c
   230  01FF80  0E00               	movlw	0
   231  01FF82  220F               	addwfc	(UserAppRun@u32Counter+1)^(0+1280),f,c
   232  01FF84  2210               	addwfc	(UserAppRun@u32Counter+2)^(0+1280),f,c
   233  01FF86  2211               	addwfc	(UserAppRun@u32Counter+3)^(0+1280),f,c
   234  01FF88                     l60:
   235                           
   236                           ;user_app.c: 105:         while(u32Counter<=400000)
   237  01FF88  5011               	movf	(UserAppRun@u32Counter+3)^(0+1280),w,c
   238  01FF8A  E10D               	bnz	u10
   239  01FF8C  0E81               	movlw	129
   240  01FF8E  5C0E               	subwf	UserAppRun@u32Counter^(0+1280),w,c
   241  01FF90  0E1A               	movlw	26
   242  01FF92  580F               	subwfb	(UserAppRun@u32Counter+1)^(0+1280),w,c
   243  01FF94  0E06               	movlw	6
   244  01FF96  5810               	subwfb	(UserAppRun@u32Counter+2)^(0+1280),w,c
   245  01FF98  A0D8               	btfss	status,0,c
   246  01FF9A  EFD1  F0FF         	goto	u11
   247  01FF9E  EFD3  F0FF         	goto	u10
   248  01FFA2                     u11:
   249  01FFA2  EFBE  F0FF         	goto	l749
   250  01FFA6                     u10:
   251  01FFA6                     
   252                           ;user_app.c: 112:         u32Counter = 0x00;
   253  01FFA6  0E00               	movlw	0
   254  01FFA8  6E0E               	movwf	UserAppRun@u32Counter^(0+1280),c
   255  01FFAA  0E00               	movlw	0
   256  01FFAC  6E0F               	movwf	(UserAppRun@u32Counter+1)^(0+1280),c
   257  01FFAE  0E00               	movlw	0
   258  01FFB0  6E10               	movwf	(UserAppRun@u32Counter+2)^(0+1280),c
   259  01FFB2  0E00               	movlw	0
   260  01FFB4  6E11               	movwf	(UserAppRun@u32Counter+3)^(0+1280),c
   261  01FFB6                     
   262                           ;user_app.c: 117:         LATA += 0x01;
   263  01FFB6  2ABE               	incf	190,f,c	;volatile
   264  01FFB8                     l755:
   265                           
   266                           ;user_app.c: 101:     while(LATA < 0xBF)
   267  01FFB8  0EBE               	movlw	190
   268  01FFBA  64BE               	cpfsgt	190,c	;volatile
   269  01FFBC  EFE2  F0FF         	goto	u21
   270  01FFC0  EFE4  F0FF         	goto	u20
   271  01FFC4                     u21:
   272  01FFC4  EFC4  F0FF         	goto	l60
   273  01FFC8                     u20:
   274  01FFC8  EFEC  F0FF         	goto	l64
   275  01FFCC                     l757:
   276                           
   277                           ;user_app.c: 123:     {;user_app.c: 124:         u32Counter ++;
   278  01FFCC  0E01               	movlw	1
   279  01FFCE  260E               	addwf	UserAppRun@u32Counter^(0+1280),f,c
   280  01FFD0  0E00               	movlw	0
   281  01FFD2  220F               	addwfc	(UserAppRun@u32Counter+1)^(0+1280),f,c
   282  01FFD4  2210               	addwfc	(UserAppRun@u32Counter+2)^(0+1280),f,c
   283  01FFD6  2211               	addwfc	(UserAppRun@u32Counter+3)^(0+1280),f,c
   284  01FFD8                     l64:
   285                           
   286                           ;user_app.c: 122:     while(u32Counter <= 400000)
   287  01FFD8  5011               	movf	(UserAppRun@u32Counter+3)^(0+1280),w,c
   288  01FFDA  E10D               	bnz	u30
   289  01FFDC  0E81               	movlw	129
   290  01FFDE  5C0E               	subwf	UserAppRun@u32Counter^(0+1280),w,c
   291  01FFE0  0E1A               	movlw	26
   292  01FFE2  580F               	subwfb	(UserAppRun@u32Counter+1)^(0+1280),w,c
   293  01FFE4  0E06               	movlw	6
   294  01FFE6  5810               	subwfb	(UserAppRun@u32Counter+2)^(0+1280),w,c
   295  01FFE8  A0D8               	btfss	status,0,c
   296  01FFEA  EFF9  F0FF         	goto	u31
   297  01FFEE  EFFB  F0FF         	goto	u30
   298  01FFF2                     u31:
   299  01FFF2  EFE6  F0FF         	goto	l757
   300  01FFF6                     u30:
   301  01FFF6                     
   302                           ;user_app.c: 130:     LATA = 0x80;
   303  01FFF6  0E80               	movlw	128
   304  01FFF8  6EBE               	movwf	190,c	;volatile
   305  01FFFA  0012               	return		;funcret
   306  01FFFC                     __end_of_UserAppRun:
   307                           	callstack 0
   308                           
   309 ;; *************** function _UserAppInitialize *****************
   310 ;; Defined at:
   311 ;;		line 76 in file "user_app.c"
   312 ;; Parameters:    Size  Location     Type
   313 ;;		None
   314 ;; Auto vars:     Size  Location     Type
   315 ;;		None
   316 ;; Return value:  Size  Location     Type
   317 ;;                  1    wreg      void 
   318 ;; Registers used:
   319 ;;		None
   320 ;; Tracked objects:
   321 ;;		On entry : 0/0
   322 ;;		On exit  : 0/0
   323 ;;		Unchanged: 0/0
   324 ;; Data sizes:     COMRAM   BANK5   BANK6   BANK7   BANK8   BANK9  BANK10  BANK11  BANK12  BANK13  BANK14  BANK15  BANK1
      +6  BANK17  BANK18  BANK19  BANK20  BANK21  BANK22  BANK23  BANK24  BANK25  BANK26  BANK27  BANK28  BANK29  BANK30  BANK3
      +1  BANK32  BANK33  BANK34  BANK35  BANK36  BANK37
   325 ;;      Params:         0       0       0       0       0       0       0       0       0       0       0       0       
      +0       0       0       0       0       0       0       0       0       0       0       0       0       0       0       
      +0       0       0       0       0       0       0
   326 ;;      Locals:         0       0       0       0       0       0       0       0       0       0       0       0       
      +0       0       0       0       0       0       0       0       0       0       0       0       0       0       0       
      +0       0       0       0       0       0       0
   327 ;;      Temps:          0       0       0       0       0       0       0       0       0       0       0       0       
      +0       0       0       0       0       0       0       0       0       0       0       0       0       0       0       
      +0       0       0       0       0       0       0
   328 ;;      Totals:         0       0       0       0       0       0       0       0       0       0       0       0       
      +0       0       0       0       0       0       0       0       0       0       0       0       0       0       0       
      +0       0       0       0       0       0       0
   329 ;;Total ram usage:        0 bytes
   330 ;; Hardware stack levels used:    1
   331 ;; This function calls:
   332 ;;		Nothing
   333 ;; This function is called by:
   334 ;;		_main
   335 ;; This function uses a non-reentrant model
   336 ;;
   337                           
   338                           	psect	text2
   339  01FF00                     __ptext2:
   340                           	callstack 0
   341  01FF00                     _UserAppInitialize:
   342                           	callstack 127
   343  01FF00  0012               	return		;funcret
   344  01FF02                     __end_of_UserAppInitialize:
   345                           	callstack 0
   346                           
   347 ;; *************** function _SystemSleep *****************
   348 ;; Defined at:
   349 ;;		line 133 in file "encm369_pic18.c"
   350 ;; Parameters:    Size  Location     Type
   351 ;;		None
   352 ;; Auto vars:     Size  Location     Type
   353 ;;		None
   354 ;; Return value:  Size  Location     Type
   355 ;;                  1    wreg      void 
   356 ;; Registers used:
   357 ;;		None
   358 ;; Tracked objects:
   359 ;;		On entry : 0/0
   360 ;;		On exit  : 0/0
   361 ;;		Unchanged: 0/0
   362 ;; Data sizes:     COMRAM   BANK5   BANK6   BANK7   BANK8   BANK9  BANK10  BANK11  BANK12  BANK13  BANK14  BANK15  BANK1
      +6  BANK17  BANK18  BANK19  BANK20  BANK21  BANK22  BANK23  BANK24  BANK25  BANK26  BANK27  BANK28  BANK29  BANK30  BANK3
      +1  BANK32  BANK33  BANK34  BANK35  BANK36  BANK37
   363 ;;      Params:         0       0       0       0       0       0       0       0       0       0       0       0       
      +0       0       0       0       0       0       0       0       0       0       0       0       0       0       0       
      +0       0       0       0       0       0       0
   364 ;;      Locals:         0       0       0       0       0       0       0       0       0       0       0       0       
      +0       0       0       0       0       0       0       0       0       0       0       0       0       0       0       
      +0       0       0       0       0       0       0
   365 ;;      Temps:          0       0       0       0       0       0       0       0       0       0       0       0       
      +0       0       0       0       0       0       0       0       0       0       0       0       0       0       0       
      +0       0       0       0       0       0       0
   366 ;;      Totals:         0       0       0       0       0       0       0       0       0       0       0       0       
      +0       0       0       0       0       0       0       0       0       0       0       0       0       0       0       
      +0       0       0       0       0       0       0
   367 ;;Total ram usage:        0 bytes
   368 ;; Hardware stack levels used:    1
   369 ;; This function calls:
   370 ;;		Nothing
   371 ;; This function is called by:
   372 ;;		_main
   373 ;; This function uses a non-reentrant model
   374 ;;
   375                           
   376                           	psect	text3
   377  01FEFE                     __ptext3:
   378                           	callstack 0
   379  01FEFE                     _SystemSleep:
   380                           	callstack 127
   381  01FEFE  0012               	return		;funcret
   382  01FF00                     __end_of_SystemSleep:
   383                           	callstack 0
   384                           
   385 ;; *************** function _SysTickSetup *****************
   386 ;; Defined at:
   387 ;;		line 111 in file "encm369_pic18.c"
   388 ;; Parameters:    Size  Location     Type
   389 ;;		None
   390 ;; Auto vars:     Size  Location     Type
   391 ;;		None
   392 ;; Return value:  Size  Location     Type
   393 ;;                  1    wreg      void 
   394 ;; Registers used:
   395 ;;		wreg, status,2
   396 ;; Tracked objects:
   397 ;;		On entry : 0/0
   398 ;;		On exit  : 0/0
   399 ;;		Unchanged: 0/0
   400 ;; Data sizes:     COMRAM   BANK5   BANK6   BANK7   BANK8   BANK9  BANK10  BANK11  BANK12  BANK13  BANK14  BANK15  BANK1
      +6  BANK17  BANK18  BANK19  BANK20  BANK21  BANK22  BANK23  BANK24  BANK25  BANK26  BANK27  BANK28  BANK29  BANK30  BANK3
      +1  BANK32  BANK33  BANK34  BANK35  BANK36  BANK37
   401 ;;      Params:         0       0       0       0       0       0       0       0       0       0       0       0       
      +0       0       0       0       0       0       0       0       0       0       0       0       0       0       0       
      +0       0       0       0       0       0       0
   402 ;;      Locals:         0       0       0       0       0       0       0       0       0       0       0       0       
      +0       0       0       0       0       0       0       0       0       0       0       0       0       0       0       
      +0       0       0       0       0       0       0
   403 ;;      Temps:          0       0       0       0       0       0       0       0       0       0       0       0       
      +0       0       0       0       0       0       0       0       0       0       0       0       0       0       0       
      +0       0       0       0       0       0       0
   404 ;;      Totals:         0       0       0       0       0       0       0       0       0       0       0       0       
      +0       0       0       0       0       0       0       0       0       0       0       0       0       0       0       
      +0       0       0       0       0       0       0
   405 ;;Total ram usage:        0 bytes
   406 ;; Hardware stack levels used:    1
   407 ;; This function calls:
   408 ;;		Nothing
   409 ;; This function is called by:
   410 ;;		_main
   411 ;; This function uses a non-reentrant model
   412 ;;
   413                           
   414                           	psect	text4
   415  01FF24                     __ptext4:
   416                           	callstack 0
   417  01FF24                     _SysTickSetup:
   418                           	callstack 127
   419  01FF24                     
   420                           ;encm369_pic18.c: 113:   G_u32SystemTime1ms = 0;
   421  01FF24  0E00               	movlw	0
   422  01FF26  6E09               	movwf	_G_u32SystemTime1ms^(0+1280),c	;volatile
   423  01FF28  0E00               	movlw	0
   424  01FF2A  6E0A               	movwf	(_G_u32SystemTime1ms+1)^(0+1280),c	;volatile
   425  01FF2C  0E00               	movlw	0
   426  01FF2E  6E0B               	movwf	(_G_u32SystemTime1ms+2)^(0+1280),c	;volatile
   427  01FF30  0E00               	movlw	0
   428  01FF32  6E0C               	movwf	(_G_u32SystemTime1ms+3)^(0+1280),c	;volatile
   429                           
   430                           ;encm369_pic18.c: 114:   G_u32SystemTime1s = 0;
   431  01FF34  0E00               	movlw	0
   432  01FF36  6E05               	movwf	_G_u32SystemTime1s^(0+1280),c	;volatile
   433  01FF38  0E00               	movlw	0
   434  01FF3A  6E06               	movwf	(_G_u32SystemTime1s+1)^(0+1280),c	;volatile
   435  01FF3C  0E00               	movlw	0
   436  01FF3E  6E07               	movwf	(_G_u32SystemTime1s+2)^(0+1280),c	;volatile
   437  01FF40  0E00               	movlw	0
   438  01FF42  6E08               	movwf	(_G_u32SystemTime1s+3)^(0+1280),c	;volatile
   439  01FF44  0012               	return		;funcret
   440  01FF46                     __end_of_SysTickSetup:
   441                           	callstack 0
   442                           
   443 ;; *************** function _GpioSetup *****************
   444 ;; Defined at:
   445 ;;		line 89 in file "encm369_pic18.c"
   446 ;; Parameters:    Size  Location     Type
   447 ;;		None
   448 ;; Auto vars:     Size  Location     Type
   449 ;;		None
   450 ;; Return value:  Size  Location     Type
   451 ;;                  1    wreg      void 
   452 ;; Registers used:
   453 ;;		wreg, status,2
   454 ;; Tracked objects:
   455 ;;		On entry : 0/0
   456 ;;		On exit  : 0/0
   457 ;;		Unchanged: 0/0
   458 ;; Data sizes:     COMRAM   BANK5   BANK6   BANK7   BANK8   BANK9  BANK10  BANK11  BANK12  BANK13  BANK14  BANK15  BANK1
      +6  BANK17  BANK18  BANK19  BANK20  BANK21  BANK22  BANK23  BANK24  BANK25  BANK26  BANK27  BANK28  BANK29  BANK30  BANK3
      +1  BANK32  BANK33  BANK34  BANK35  BANK36  BANK37
   459 ;;      Params:         0       0       0       0       0       0       0       0       0       0       0       0       
      +0       0       0       0       0       0       0       0       0       0       0       0       0       0       0       
      +0       0       0       0       0       0       0
   460 ;;      Locals:         0       0       0       0       0       0       0       0       0       0       0       0       
      +0       0       0       0       0       0       0       0       0       0       0       0       0       0       0       
      +0       0       0       0       0       0       0
   461 ;;      Temps:          0       0       0       0       0       0       0       0       0       0       0       0       
      +0       0       0       0       0       0       0       0       0       0       0       0       0       0       0       
      +0       0       0       0       0       0       0
   462 ;;      Totals:         0       0       0       0       0       0       0       0       0       0       0       0       
      +0       0       0       0       0       0       0       0       0       0       0       0       0       0       0       
      +0       0       0       0       0       0       0
   463 ;;Total ram usage:        0 bytes
   464 ;; Hardware stack levels used:    1
   465 ;; This function calls:
   466 ;;		Nothing
   467 ;; This function is called by:
   468 ;;		_main
   469 ;; This function uses a non-reentrant model
   470 ;;
   471                           
   472                           	psect	text5
   473  01FF02                     __ptext5:
   474                           	callstack 0
   475  01FF02                     _GpioSetup:
   476                           	callstack 127
   477  01FF02                     
   478                           ;encm369_pic18.c: 91:     TRISA = 0x00;
   479  01FF02  0E00               	movlw	0
   480  01FF04  6EC6               	movwf	198,c	;volatile
   481                           
   482                           ;encm369_pic18.c: 92:     ANSELA = 0x00;
   483  01FF06  0E00               	movlw	0
   484  01FF08  0104               	movlb	4	; () banked
   485  01FF0A  6F00               	movwf	0,b	;volatile
   486                           
   487                           ;encm369_pic18.c: 94:     LATA = 0x80;
   488  01FF0C  0E80               	movlw	128
   489  01FF0E  6EBE               	movwf	190,c	;volatile
   490  01FF10                     
   491                           ; BSR set to: 4
   492  01FF10  0012               	return		;funcret
   493  01FF12                     __end_of_GpioSetup:
   494                           	callstack 0
   495                           
   496 ;; *************** function _ClockSetup *****************
   497 ;; Defined at:
   498 ;;		line 70 in file "encm369_pic18.c"
   499 ;; Parameters:    Size  Location     Type
   500 ;;		None
   501 ;; Auto vars:     Size  Location     Type
   502 ;;		None
   503 ;; Return value:  Size  Location     Type
   504 ;;                  1    wreg      void 
   505 ;; Registers used:
   506 ;;		None
   507 ;; Tracked objects:
   508 ;;		On entry : 0/0
   509 ;;		On exit  : 0/0
   510 ;;		Unchanged: 0/0
   511 ;; Data sizes:     COMRAM   BANK5   BANK6   BANK7   BANK8   BANK9  BANK10  BANK11  BANK12  BANK13  BANK14  BANK15  BANK1
      +6  BANK17  BANK18  BANK19  BANK20  BANK21  BANK22  BANK23  BANK24  BANK25  BANK26  BANK27  BANK28  BANK29  BANK30  BANK3
      +1  BANK32  BANK33  BANK34  BANK35  BANK36  BANK37
   512 ;;      Params:         0       0       0       0       0       0       0       0       0       0       0       0       
      +0       0       0       0       0       0       0       0       0       0       0       0       0       0       0       
      +0       0       0       0       0       0       0
   513 ;;      Locals:         0       0       0       0       0       0       0       0       0       0       0       0       
      +0       0       0       0       0       0       0       0       0       0       0       0       0       0       0       
      +0       0       0       0       0       0       0
   514 ;;      Temps:          0       0       0       0       0       0       0       0       0       0       0       0       
      +0       0       0       0       0       0       0       0       0       0       0       0       0       0       0       
      +0       0       0       0       0       0       0
   515 ;;      Totals:         0       0       0       0       0       0       0       0       0       0       0       0       
      +0       0       0       0       0       0       0       0       0       0       0       0       0       0       0       
      +0       0       0       0       0       0       0
   516 ;;Total ram usage:        0 bytes
   517 ;; Hardware stack levels used:    1
   518 ;; This function calls:
   519 ;;		Nothing
   520 ;; This function is called by:
   521 ;;		_main
   522 ;; This function uses a non-reentrant model
   523 ;;
   524                           
   525                           	psect	text6
   526  01FEFC                     __ptext6:
   527                           	callstack 0
   528  01FEFC                     _ClockSetup:
   529                           	callstack 127
   530  01FEFC  0012               	return		;funcret
   531  01FEFE                     __end_of_ClockSetup:
   532                           	callstack 0
   533  0000                     
   534                           	psect	rparam
   535  0000                     
   536                           	psect	idloc
   537                           
   538                           ;Config register IDLOC0 @ 0x200000
   539                           ;	unspecified, using default values
   540  200000                     	org	2097152
   541  200000  0FFF               	dw	4095
   542                           
   543                           ;Config register IDLOC1 @ 0x200002
   544                           ;	unspecified, using default values
   545  200002                     	org	2097154
   546  200002  0FFF               	dw	4095
   547                           
   548                           ;Config register IDLOC2 @ 0x200004
   549                           ;	unspecified, using default values
   550  200004                     	org	2097156
   551  200004  0FFF               	dw	4095
   552                           
   553                           ;Config register IDLOC3 @ 0x200006
   554                           ;	unspecified, using default values
   555  200006                     	org	2097158
   556  200006  0FFF               	dw	4095
   557                           
   558                           ;Config register IDLOC4 @ 0x200008
   559                           ;	unspecified, using default values
   560  200008                     	org	2097160
   561  200008  0FFF               	dw	4095
   562                           
   563                           ;Config register IDLOC5 @ 0x20000A
   564                           ;	unspecified, using default values
   565  20000A                     	org	2097162
   566  20000A  0FFF               	dw	4095
   567                           
   568                           ;Config register IDLOC6 @ 0x20000C
   569                           ;	unspecified, using default values
   570  20000C                     	org	2097164
   571  20000C  0FFF               	dw	4095
   572                           
   573                           ;Config register IDLOC7 @ 0x20000E
   574                           ;	unspecified, using default values
   575  20000E                     	org	2097166
   576  20000E  0FFF               	dw	4095
   577                           
   578                           ;Config register IDLOC8 @ 0x200010
   579                           ;	unspecified, using default values
   580  200010                     	org	2097168
   581  200010  0FFF               	dw	4095
   582                           
   583                           ;Config register IDLOC9 @ 0x200012
   584                           ;	unspecified, using default values
   585  200012                     	org	2097170
   586  200012  0FFF               	dw	4095
   587                           
   588                           ;Config register IDLOC10 @ 0x200014
   589                           ;	unspecified, using default values
   590  200014                     	org	2097172
   591  200014  0FFF               	dw	4095
   592                           
   593                           ;Config register IDLOC11 @ 0x200016
   594                           ;	unspecified, using default values
   595  200016                     	org	2097174
   596  200016  0FFF               	dw	4095
   597                           
   598                           ;Config register IDLOC12 @ 0x200018
   599                           ;	unspecified, using default values
   600  200018                     	org	2097176
   601  200018  0FFF               	dw	4095
   602                           
   603                           ;Config register IDLOC13 @ 0x20001A
   604                           ;	unspecified, using default values
   605  20001A                     	org	2097178
   606  20001A  0FFF               	dw	4095
   607                           
   608                           ;Config register IDLOC14 @ 0x20001C
   609                           ;	unspecified, using default values
   610  20001C                     	org	2097180
   611  20001C  0FFF               	dw	4095
   612                           
   613                           ;Config register IDLOC15 @ 0x20001E
   614                           ;	unspecified, using default values
   615  20001E                     	org	2097182
   616  20001E  0FFF               	dw	4095
   617                           
   618                           	psect	config
   619                           
   620                           ;Config register CONFIG1 @ 0x300000
   621                           ;	External Oscillator Selection
   622                           ;	FEXTOSC = OFF, Oscillator not enabled
   623                           ;	Reset Oscillator Selection
   624                           ;	RSTOSC = HFINTOSC_64MHZ, HFINTOSC with HFFRQ = 64 MHz and CDIV = 1:1
   625  300000                     	org	3145728
   626  300000  8C                 	db	140
   627                           
   628                           ;Config register CONFIG2 @ 0x300001
   629                           ;	Clock out Enable bit
   630                           ;	CLKOUTEN = ON, CLKOUT function is enabled
   631                           ;	PRLOCKED One-Way Set Enable bit
   632                           ;	PR1WAY = ON, PRLOCKED bit can be cleared and set only once
   633                           ;	Clock Switch Enable bit
   634                           ;	CSWEN = ON, Writing to NOSC and NDIV is allowed
   635                           ;	Fail-Safe Clock Monitor Enable bit
   636                           ;	FCMEN = ON, Fail-Safe Clock Monitor enabled
   637  300001                     	org	3145729
   638  300001  FE                 	db	254
   639                           
   640                           ;Config register CONFIG3 @ 0x300002
   641                           ;	MCLR Enable bit
   642                           ;	MCLRE = EXTMCLR, If LVP = 0, MCLR pin is MCLR; If LVP = 1, RE3 pin function is MCLR
   643                           ;	Power-up timer selection bits
   644                           ;	PWRTS = PWRT_OFF, PWRT is disabled
   645                           ;	Multi-vector enable bit
   646                           ;	MVECEN = ON, Multi-vector enabled, Vector table used for interrupts
   647                           ;	IVTLOCK bit One-way set enable bit
   648                           ;	IVT1WAY = ON, IVTLOCKED bit can be cleared and set only once
   649                           ;	Low Power BOR Enable bit
   650                           ;	LPBOREN = OFF, Low-Power BOR disabled
   651                           ;	Brown-out Reset Enable bits
   652                           ;	BOREN = SBORDIS, Brown-out Reset enabled , SBOREN bit is ignored
   653  300002                     	org	3145730
   654  300002  FF                 	db	255
   655                           
   656                           ;Config register CONFIG4 @ 0x300003
   657                           ;	Brown-out Reset Voltage Selection bits
   658                           ;	BORV = VBOR_2P85, Brown-out Reset Voltage (VBOR) set to 2.8V
   659                           ;	ZCD Disable bit
   660                           ;	ZCD = OFF, ZCD module is disabled. ZCD can be enabled by setting the ZCDSEN bit of ZCD
      +                          CON
   661                           ;	PPSLOCK bit One-Way Set Enable bit
   662                           ;	PPS1WAY = ON, PPSLOCKED bit can be cleared and set only once; PPS registers remain loc
      +                          ked after one clear/set cycle
   663                           ;	Stack Full/Underflow Reset Enable bit
   664                           ;	STVREN = ON, Stack full/underflow will cause Reset
   665                           ;	Low Voltage Programming Enable bit
   666                           ;	LVP = ON, Low voltage programming enabled. MCLR/VPP pin function is MCLR. MCLRE config
      +                          uration bit is ignored
   667                           ;	Extended Instruction Set Enable bit
   668                           ;	XINST = OFF, Extended Instruction Set and Indexed Addressing Mode disabled
   669  300003                     	org	3145731
   670  300003  FC                 	db	252
   671                           
   672                           ;Config register CONFIG5 @ 0x300004
   673                           ;	WDT Period selection bits
   674                           ;	WDTCPS = WDTCPS_31, Divider ratio 1:65536; software control of WDTPS
   675                           ;	WDT operating mode
   676                           ;	WDTE = OFF, WDT Disabled; SWDTEN is ignored
   677  300004                     	org	3145732
   678  300004  9F                 	db	159
   679                           
   680                           ;Config register CONFIG6 @ 0x300005
   681                           ;	WDT Window Select bits
   682                           ;	WDTCWS = WDTCWS_7, window always open (100%); software control; keyed access not requi
      +                          red
   683                           ;	WDT input clock selector
   684                           ;	WDTCCS = SC, Software Control
   685  300005                     	org	3145733
   686  300005  FF                 	db	255
   687                           
   688                           ;Config register CONFIG7 @ 0x300006
   689                           ;	Boot Block Size selection bits
   690                           ;	BBSIZE = BBSIZE_512, Boot Block size is 512 words
   691                           ;	Boot Block enable bit
   692                           ;	BBEN = OFF, Boot block disabled
   693                           ;	Storage Area Flash enable bit
   694                           ;	SAFEN = OFF, SAF disabled
   695                           ;	Background Debugger
   696                           ;	DEBUG = OFF, Background Debugger disabled
   697  300006                     	org	3145734
   698  300006  FF                 	db	255
   699                           
   700                           ;Config register CONFIG8 @ 0x300007
   701                           ;	Boot Block Write Protection bit
   702                           ;	WRTB = OFF, Boot Block not Write protected
   703                           ;	Configuration Register Write Protection bit
   704                           ;	WRTC = OFF, Configuration registers not Write protected
   705                           ;	Data EEPROM Write Protection bit
   706                           ;	WRTD = OFF, Data EEPROM not Write protected
   707                           ;	SAF Write protection bit
   708                           ;	WRTSAF = OFF, SAF not Write Protected
   709                           ;	Application Block write protection bit
   710                           ;	WRTAPP = OFF, Application Block not write protected
   711  300007                     	org	3145735
   712  300007  FF                 	db	255
   713                           
   714                           ; Padding undefined space
   715  300008                     	org	3145736
   716  300008  FF                 	db	255
   717                           
   718                           ;Config register CONFIG10 @ 0x300009
   719                           ;	PFM and Data EEPROM Code Protection bit
   720                           ;	CP = OFF, PFM and Data EEPROM code protection disabled
   721  300009                     	org	3145737
   722  300009  FF                 	db	255
   723                           tosu	equ	0x4FF
   724                           tosh	equ	0x4FE
   725                           tosl	equ	0x4FD
   726                           stkptr	equ	0x4FC
   727                           pclatu	equ	0x4FB
   728                           pclath	equ	0x4FA
   729                           pcl	equ	0x4F9
   730                           tblptru	equ	0x4F8
   731                           tblptrh	equ	0x4F7
   732                           tblptrl	equ	0x4F6
   733                           tablat	equ	0x4F5
   734                           prodh	equ	0x4F4
   735                           prodl	equ	0x4F3
   736                           indf0	equ	0x4EF
   737                           postinc0	equ	0x4EE
   738                           postdec0	equ	0x4ED
   739                           preinc0	equ	0x4EC
   740                           plusw0	equ	0x4EB
   741                           fsr0h	equ	0x4EA
   742                           fsr0l	equ	0x4E9
   743                           wreg	equ	0x4E8
   744                           indf1	equ	0x4E7
   745                           postinc1	equ	0x4E6
   746                           postdec1	equ	0x4E5
   747                           preinc1	equ	0x4E4
   748                           plusw1	equ	0x4E3
   749                           fsr1h	equ	0x4E2
   750                           fsr1l	equ	0x4E1
   751                           bsr	equ	0x4E0
   752                           indf2	equ	0x4DF
   753                           postinc2	equ	0x4DE
   754                           postdec2	equ	0x4DD
   755                           preinc2	equ	0x4DC
   756                           plusw2	equ	0x4DB
   757                           fsr2h	equ	0x4DA
   758                           fsr2l	equ	0x4D9
   759                           status	equ	0x4D8

Data Sizes:
    Strings     0
    Constant    0
    Data        0
    BSS         13
    Persistent  0
    Stack       0

Auto Spaces:
    Space          Size  Autos    Used
    COMRAM           95      4      17
    BANK5           160      0       0
    BANK6           256      0       0
    BANK7           256      0       0
    BANK8           256      0       0
    BANK9           256      0       0
    BANK10          256      0       0
    BANK11          256      0       0
    BANK12          256      0       0
    BANK13          256      0       0
    BANK14          256      0       0
    BANK15          256      0       0
    BANK16          256      0       0
    BANK17          256      0       0
    BANK18          256      0       0
    BANK19          256      0       0
    BANK20          256      0       0
    BANK21          256      0       0
    BANK22          256      0       0
    BANK23          256      0       0
    BANK24          256      0       0
    BANK25          256      0       0
    BANK26          256      0       0
    BANK27          256      0       0
    BANK28          256      0       0
    BANK29          256      0       0
    BANK30          256      0       0
    BANK31          256      0       0
    BANK32          256      0       0
    BANK33          256      0       0
    BANK34          256      0       0
    BANK35          256      0       0
    BANK36          256      0       0
    BANK37          256      0       0

Pointer List with Targets:

    None.

Critical Paths under _main in COMRAM

    _main->_UserAppRun

Critical Paths under _main in BANK5

    None.

Critical Paths under _main in BANK6

    None.

Critical Paths under _main in BANK7

    None.

Critical Paths under _main in BANK8

    None.

Critical Paths under _main in BANK9

    None.

Critical Paths under _main in BANK10

    None.

Critical Paths under _main in BANK11

    None.

Critical Paths under _main in BANK12

    None.

Critical Paths under _main in BANK13

    None.

Critical Paths under _main in BANK14

    None.

Critical Paths under _main in BANK15

    None.

Critical Paths under _main in BANK16

    None.

Critical Paths under _main in BANK17

    None.

Critical Paths under _main in BANK18

    None.

Critical Paths under _main in BANK19

    None.

Critical Paths under _main in BANK20

    None.

Critical Paths under _main in BANK21

    None.

Critical Paths under _main in BANK22

    None.

Critical Paths under _main in BANK23

    None.

Critical Paths under _main in BANK24

    None.

Critical Paths under _main in BANK25

    None.

Critical Paths under _main in BANK26

    None.

Critical Paths under _main in BANK27

    None.

Critical Paths under _main in BANK28

    None.

Critical Paths under _main in BANK29

    None.

Critical Paths under _main in BANK30

    None.

Critical Paths under _main in BANK31

    None.

Critical Paths under _main in BANK32

    None.

Critical Paths under _main in BANK33

    None.

Critical Paths under _main in BANK34

    None.

Critical Paths under _main in BANK35

    None.

Critical Paths under _main in BANK36

    None.

Critical Paths under _main in BANK37

    None.

Call Graph Tables:

 ---------------------------------------------------------------------------------
 (Depth) Function   	        Calls       Base Space   Used Autos Params    Refs
 ---------------------------------------------------------------------------------
 (0) _main                                                 0     0      0      30
                         _ClockSetup
                          _GpioSetup
                       _SysTickSetup
                        _SystemSleep
                  _UserAppInitialize
                         _UserAppRun
 ---------------------------------------------------------------------------------
 (1) _UserAppRun                                           4     4      0      30
                                              0 COMRAM     4     4      0
 ---------------------------------------------------------------------------------
 (1) _UserAppInitialize                                    0     0      0       0
 ---------------------------------------------------------------------------------
 (1) _SystemSleep                                          0     0      0       0
 ---------------------------------------------------------------------------------
 (1) _SysTickSetup                                         0     0      0       0
 ---------------------------------------------------------------------------------
 (1) _GpioSetup                                            0     0      0       0
 ---------------------------------------------------------------------------------
 (1) _ClockSetup                                           0     0      0       0
 ---------------------------------------------------------------------------------
 Estimated maximum stack depth 1
 ---------------------------------------------------------------------------------

 Call Graph Graphs:

 _main (ROOT)
   _ClockSetup
   _GpioSetup
   _SysTickSetup
   _SystemSleep
   _UserAppInitialize
   _UserAppRun

 Address spaces:
Name               Size   Autos  Total    Cost      Usage
BIGRAM            20FF      0       0      71        0.0%
EEDATA             400      0       0       0        0.0%
BITBANK37          100      0       0      70        0.0%
BANK37             100      0       0      68        0.0%
BITBANK36          100      0       0      66        0.0%
BANK36             100      0       0      67        0.0%
BITBANK35          100      0       0      64        0.0%
BANK35             100      0       0      65        0.0%
BITBANK34          100      0       0      62        0.0%
BANK34             100      0       0      63        0.0%
BITBANK33          100      0       0      60        0.0%
BANK33             100      0       0      61        0.0%
BITBANK32          100      0       0      58        0.0%
BANK32             100      0       0      59        0.0%
BITBANK31          100      0       0      56        0.0%
BANK31             100      0       0      57        0.0%
BITBANK30          100      0       0      54        0.0%
BANK30             100      0       0      55        0.0%
BITBANK29          100      0       0      52        0.0%
BANK29             100      0       0      53        0.0%
BITBANK28          100      0       0      50        0.0%
BANK28             100      0       0      51        0.0%
BITBANK27          100      0       0      48        0.0%
BANK27             100      0       0      49        0.0%
BITBANK26          100      0       0      46        0.0%
BANK26             100      0       0      47        0.0%
BITBANK25          100      0       0      44        0.0%
BANK25             100      0       0      45        0.0%
BITBANK24          100      0       0      42        0.0%
BANK24             100      0       0      43        0.0%
BITBANK23          100      0       0      40        0.0%
BANK23             100      0       0      41        0.0%
BITBANK22          100      0       0      38        0.0%
BANK22             100      0       0      39        0.0%
BITBANK21          100      0       0      36        0.0%
BANK21             100      0       0      37        0.0%
BITBANK20          100      0       0      34        0.0%
BANK20             100      0       0      35        0.0%
BITBANK19          100      0       0      32        0.0%
BANK19             100      0       0      33        0.0%
BITBANK18          100      0       0      30        0.0%
BANK18             100      0       0      31        0.0%
BITBANK17          100      0       0      28        0.0%
BANK17             100      0       0      29        0.0%
BITBANK16          100      0       0      26        0.0%
BANK16             100      0       0      27        0.0%
BITBANK15          100      0       0      24        0.0%
BANK15             100      0       0      25        0.0%
BITBANK14          100      0       0      22        0.0%
BANK14             100      0       0      23        0.0%
BITBANK13          100      0       0      20        0.0%
BANK13             100      0       0      21        0.0%
BITBANK12          100      0       0      18        0.0%
BANK12             100      0       0      19        0.0%
BITBANK11          100      0       0      16        0.0%
BANK11             100      0       0      17        0.0%
BITBANK10          100      0       0      14        0.0%
BANK10             100      0       0      15        0.0%
BITBANK9           100      0       0      12        0.0%
BANK9              100      0       0      13        0.0%
BITBANK8           100      0       0      10        0.0%
BANK8              100      0       0      11        0.0%
BITBANK7           100      0       0       8        0.0%
BANK7              100      0       0       9        0.0%
BITBANK6           100      0       0       6        0.0%
BANK6              100      0       0       7        0.0%
BITBANK5            A0      0       0       4        0.0%
BANK5               A0      0       0       5        0.0%
BITCOMRAM           5F      0       0       0        0.0%
COMRAM              5F      4      11       1       17.9%
BITSFR_5             0      0       0     200        0.0%
SFR_5                0      0       0     200        0.0%
BITSFR_4             0      0       0     200        0.0%
SFR_4                0      0       0     200        0.0%
BITSFR_3             0      0       0     200        0.0%
SFR_3                0      0       0     200        0.0%
BITSFR_2             0      0       0     200        0.0%
SFR_2                0      0       0     200        0.0%
BITSFR_1             0      0       0     200        0.0%
SFR_1                0      0       0     200        0.0%
BITSFR               0      0       0     200        0.0%
SFR                  0      0       0     200        0.0%
STACK                0      0       0       2        0.0%
NULL                 0      0       0       0        0.0%
ABS                  0      0      11      69        0.0%
DATA                 0      0      11       3        0.0%
CODE                 0      0       0       0        0.0%


Microchip Technology PIC18 Macro Assembler V2.31 build 20201012212115 
Symbol Table                                                                                   Thu Feb 11 10:30:58 2021

     __size_of_SysTickSetup 0022                          l13 FEFC                          l22 FEFE  
                        l16 FF10                          l19 FF44                          l60 FF88  
                        l55 FF00                          l64 FFD8                          l67 FFFA  
                        u10 FFA6                          u11 FFA2                          u20 FFC8  
                        u21 FFC4                          u30 FFF6                          u31 FFF2  
                       l743 FF02                         l751 FFA6                         l753 FFB6  
                       l755 FFB8                         l747 FF68                         l757 FFCC  
                       l749 FF7C                         l781 FF4C                         l775 FF24  
                       l759 FFF6                         l783 FF50                         l785 FF54  
                       l777 FF46                         l787 FF58                         l779 FF48  
                       l789 FF5C                         wreg 0004E8                        _LATA 0004BE  
                      _main FF46                _SysTickSetup FF24                        start FFFC  
      __size_of_SystemSleep 0002                ___param_bank 000000                  _ClockSetup FEFC  
                     ?_main 050E                       _TRISA 0004C6                       status 0004D8  
           __initialization FF12                __end_of_main FF68                      ??_main 0512  
             __activetblptr 000000                      _ANSELA 000400          __size_of_GpioSetup 0010  
               ?_ClockSetup 050E                      clear_0 FF18                  _UserAppRun FF68  
                __accesstop 0560     __end_of__initialization FF1E               ___rparam_used 000001  
          _G_u8UserAppFlags 050D              __pcstackCOMRAM 050E           __end_of_GpioSetup FF12  
       __size_of_ClockSetup 0002                 ?_UserAppRun 050E               ??_SystemSleep 050E  
                   __Hparam 0000                     __Lparam 0000                     __pcinit FF12  
                   __ramtop 2600                     __ptext0 FF46                     __ptext1 FF68  
                   __ptext2 FF00                     __ptext3 FEFE                     __ptext4 FF24  
                   __ptext5 FF02                     __ptext6 FEFC        end_of_initialization FF1E  
          _G_u32SystemFlags 0501                     postinc0 0004EE         __end_of_SystemSleep FF00  
              ??_ClockSetup 050E         __size_of_UserAppRun 0094        UserAppRun@u32Counter 050E  
        __end_of_ClockSetup FEFE                   _GpioSetup FF02         start_initialization FF12  
             ?_SysTickSetup 050E                 _SystemSleep FEFE                  ?_GpioSetup 050E  
               __pbssCOMRAM 0501           _UserAppInitialize FF00                ??_UserAppRun 050E  
        ?_UserAppInitialize 050E              ??_SysTickSetup 050E         ??_UserAppInitialize 050E  
        __end_of_UserAppRun FFFC   __end_of_UserAppInitialize FF02                 ??_GpioSetup 050E  
                  __Hrparam 0000                    __Lrparam 0000        __end_of_SysTickSetup FF46  
__size_of_UserAppInitialize 0002               __size_of_main 0022                ?_SystemSleep 050E  
        _G_u32SystemTime1ms 0509           _G_u32SystemTime1s 0505  
