

Microchip MPLAB XC8 Assembler V2.31 build 20201012212115 
                                                                                               Mon Mar 01 10:38:05 2021

Microchip MPLAB XC8 C Compiler v2.31 (Free license) build 20201012212115 Og1 
     1                           	processor	18F27Q43
     2                           	fnconf	rparam,??,?,0
     3                           	pagewidth 120
     4                           	opt	flic
     5                           	psect	cinit,global,reloc=2,class=CODE,delta=1
     6                           	psect	bssCOMRAM,global,class=COMRAM,space=1,delta=1,lowdata,noexec
     7                           	psect	cstackCOMRAM,global,class=COMRAM,space=1,delta=1,lowdata,noexec
     8                           	psect	text0,global,reloc=2,class=CODE,delta=1
     9                           	psect	text1,global,reloc=2,class=CODE,delta=1
    10                           	psect	text2,global,reloc=2,class=CODE,delta=1
    11                           	psect	text3,global,reloc=2,class=CODE,delta=1
    12                           	psect	text4,global,reloc=2,class=CODE,delta=1
    13                           	psect	text5,global,reloc=2,class=CODE,delta=1
    14                           	psect	text6,global,reloc=2,class=CODE,delta=1
    15                           	psect	text7,global,reloc=2,class=CODE,delta=1
    16                           	psect	intsave_regs,global,class=BIGRAM,space=1,delta=1,noexec
    17                           	psect	rparam,global,class=COMRAM,space=1,delta=1,noexec
    18                           	psect	idloc,global,abs,ovrld,class=IDLOC,space=5,delta=1,noexec
    19                           	psect	config,global,abs,ovrld,class=CONFIG,space=4,delta=1,noexec
    20  0000                     
    21                           ; Version 2.30
    22                           ; Generated 20/08/2020 GMT
    23                           ; 
    24                           ; Copyright © 2020, Microchip Technology Inc. and its subsidiaries ("Microchip")
    25                           ; All rights reserved.
    26                           ; 
    27                           ; This software is developed by Microchip Technology Inc. and its subsidiaries ("Microch
      +                          ip").
    28                           ; 
    29                           ; Redistribution and use in source and binary forms, with or without modification, are
    30                           ; permitted provided that the following conditions are met:
    31                           ; 
    32                           ;     1. Redistributions of source code must retain the above copyright notice, this lis
      +                          t of
    33                           ;        conditions and the following disclaimer.
    34                           ; 
    35                           ;     2. Redistributions in binary form must reproduce the above copyright notice, this 
      +                          list
    36                           ;        of conditions and the following disclaimer in the documentation and/or other
    37                           ;        materials provided with the distribution. Publication is not required when
    38                           ;        this file is used in an embedded application.
    39                           ; 
    40                           ;     3. Microchip's name may not be used to endorse or promote products derived from th
      +                          is
    41                           ;        software without specific prior written permission.
    42                           ; 
    43                           ; THIS SOFTWARE IS PROVIDED BY MICROCHIP "AS IS" AND ANY EXPRESS OR IMPLIED WARRANTIES,
    44                           ; INCLUDING, BUT NOT LIMITED TO, THE IMPLIED WARRANTIES OF MERCHANTABILITY AND FITNESS F
      +                          OR
    45                           ; PURPOSE ARE DISCLAIMED.  IN NO EVENT SHALL MICROCHIP BE LIABLE FOR ANY DIRECT, INDIREC
      +                          T,
    46                           ; INCIDENTAL, SPECIAL, EXEMPLARY, OR CONSEQUENTIAL DAMAGES (INCLUDING BUT NOT LIMITED TO
    47                           ; PROCUREMENT OF SUBSTITUTE GOODS OR SERVICES; LOSS OF USE, DATA OR PROFITS; OR BUSINESS
    48                           ; INTERRUPTION) HOWSOEVER CAUSED AND ON ANY THEORY OF LIABILITY, WHETHER IN CONTRACT, ST
      +                          RICT
    49                           ; LIABILITY, OR TORT (INCLUDING NEGLIGENCE OR OTHERWISE) ARISING IN ANY WAY OUT OF THE U
      +                          SE OF
    50                           ; THIS SOFTWARE, EVEN IF ADVISED OF THE POSSIBILITY OF SUCH DAMAGE.
    51                           ; 
    52                           ; 
    53                           ; Code-generator required, PIC18F27Q43 Definitions
    54                           ; 
    55                           ; SFR Addresses
    56  0000                     _TMR0H	set	793
    57  0000                     _TMR0L	set	792
    58  0000                     _T0CON1	set	795
    59  0000                     _T0CON0	set	794
    60  0000                     _ANSELA	set	1024
    61  0000                     _PIR3	set	1201
    62  0000                     _LATA	set	1214
    63  0000                     _TRISA	set	1222
    64                           
    65                           ; #config settings
    66                           
    67                           	psect	cinit
    68  01FF56                     __pcinit:
    69                           	callstack 0
    70  01FF56                     start_initialization:
    71                           	callstack 0
    72  01FF56                     __initialization:
    73                           	callstack 0
    74                           
    75                           ; Clear objects allocated to COMRAM (14 bytes)
    76  01FF56  EE01  F101         	lfsr	0,__pbssCOMRAM
    77  01FF5A  0E0E               	movlw	14
    78  01FF5C                     clear_0:
    79  01FF5C  6AEE               	clrf	postinc0,c
    80  01FF5E  06E8               	decf	wreg,f,c
    81  01FF60  E1FD               	bnz	clear_0
    82  01FF62                     end_of_initialization:
    83                           	callstack 0
    84  01FF62                     __end_of__initialization:
    85                           	callstack 0
    86  01FF62  0100               	movlb	0
    87  01FF64  EFDE  F0FF         	goto	_main	;jump to C main() function
    88                           
    89                           	psect	bssCOMRAM
    90  000501                     __pbssCOMRAM:
    91                           	callstack 0
    92  000501                     _G_u32SystemFlags:
    93                           	callstack 0
    94  000501                     	ds	4
    95  000505                     _G_u32SystemTime1s:
    96                           	callstack 0
    97  000505                     	ds	4
    98  000509                     _G_u32SystemTime1ms:
    99                           	callstack 0
   100  000509                     	ds	4
   101  00050D                     UserAppRun@u8Counter:
   102                           	callstack 0
   103  00050D                     	ds	1
   104  00050E                     _G_u8UserAppFlags:
   105                           	callstack 0
   106  00050E                     	ds	1
   107                           
   108                           	psect	cstackCOMRAM
   109  00050F                     __pcstackCOMRAM:
   110                           	callstack 0
   111  00050F                     UserAppRun@u8Temp:
   112                           	callstack 0
   113  00050F                     TimeXus@u16Microseconds:
   114                           	callstack 0
   115                           
   116                           ; 2 bytes @ 0x0
   117  00050F                     	ds	2
   118  000511                     
   119                           ; 1 bytes @ 0x2
   120 ;;
   121 ;;Main: autosize = 0, tempsize = 0, incstack = 0, save=0
   122 ;;
   123 ;; *************** function _main *****************
   124 ;; Defined at:
   125 ;;		line 35 in file "main.c"
   126 ;; Parameters:    Size  Location     Type
   127 ;;		None
   128 ;; Auto vars:     Size  Location     Type
   129 ;;		None
   130 ;; Return value:  Size  Location     Type
   131 ;;                  1    wreg      void 
   132 ;; Registers used:
   133 ;;		wreg, status,2, status,0, cstack
   134 ;; Tracked objects:
   135 ;;		On entry : 0/0
   136 ;;		On exit  : 0/0
   137 ;;		Unchanged: 0/0
   138 ;; Data sizes:     COMRAM   BANK5   BANK6   BANK7   BANK8   BANK9  BANK10  BANK11  BANK12  BANK13  BANK14  BANK15  BANK1
      +6  BANK17  BANK18  BANK19  BANK20  BANK21  BANK22  BANK23  BANK24  BANK25  BANK26  BANK27  BANK28  BANK29  BANK30  BANK3
      +1  BANK32  BANK33  BANK34  BANK35  BANK36  BANK37
   139 ;;      Params:         0       0       0       0       0       0       0       0       0       0       0       0       
      +0       0       0       0       0       0       0       0       0       0       0       0       0       0       0       
      +0       0       0       0       0       0       0
   140 ;;      Locals:         0       0       0       0       0       0       0       0       0       0       0       0       
      +0       0       0       0       0       0       0       0       0       0       0       0       0       0       0       
      +0       0       0       0       0       0       0
   141 ;;      Temps:          0       0       0       0       0       0       0       0       0       0       0       0       
      +0       0       0       0       0       0       0       0       0       0       0       0       0       0       0       
      +0       0       0       0       0       0       0
   142 ;;      Totals:         0       0       0       0       0       0       0       0       0       0       0       0       
      +0       0       0       0       0       0       0       0       0       0       0       0       0       0       0       
      +0       0       0       0       0       0       0
   143 ;;Total ram usage:        0 bytes
   144 ;; Hardware stack levels required when called:    1
   145 ;; This function calls:
   146 ;;		_ClockSetup
   147 ;;		_GpioSetup
   148 ;;		_SysTickSetup
   149 ;;		_SystemSleep
   150 ;;		_TimeXus
   151 ;;		_UserAppInitialize
   152 ;;		_UserAppRun
   153 ;; This function is called by:
   154 ;;		Startup code after reset
   155 ;; This function uses a non-reentrant model
   156 ;;
   157                           
   158                           	psect	text0
   159  01FFBC                     __ptext0:
   160                           	callstack 0
   161  01FFBC                     _main:
   162                           	callstack 127
   163  01FFBC                     
   164                           ;main.c: 37:   G_u32SystemFlags |= (u32)0x80000000;
   165  01FFBC  8E04               	bsf	(_G_u32SystemFlags+3)^(0+1280),7,c	;volatile
   166  01FFBE                     
   167                           ;main.c: 40:   ClockSetup();
   168  01FFBE  EC99  F0FF         	call	_ClockSetup	;wreg free
   169  01FFC2                     
   170                           ;main.c: 41:   SysTickSetup();
   171  01FFC2  ECCD  F0FF         	call	_SysTickSetup	;wreg free
   172  01FFC6                     
   173                           ;main.c: 42:   GpioSetup();
   174  01FFC6  EC9B  F0FF         	call	_GpioSetup	;wreg free
   175  01FFCA                     
   176                           ;main.c: 47:   UserAppInitialize();
   177  01FFCA  ECA3  F0FF         	call	_UserAppInitialize	;wreg free
   178  01FFCE                     l822:
   179                           
   180                           ;main.c: 53:   {;main.c: 57:     UserAppRun();
   181  01FFCE  ECC0  F0FF         	call	_UserAppRun	;wreg free
   182  01FFD2                     
   183                           ;main.c: 61:     (LATA &= 0x7f);
   184  01FFD2  9EBE               	bcf	190,7,c	;volatile
   185  01FFD4                     
   186                           ;main.c: 62:     SystemSleep();
   187  01FFD4  EC9A  F0FF         	call	_SystemSleep	;wreg free
   188  01FFD8                     
   189                           ;main.c: 63:     TimeXus(0x03e8);
   190  01FFD8  0E03               	movlw	3
   191  01FFDA  6E10               	movwf	(TimeXus@u16Microseconds+1)^(0+1280),c
   192  01FFDC  0EE8               	movlw	232
   193  01FFDE  6E0F               	movwf	TimeXus@u16Microseconds^(0+1280),c
   194  01FFE0  ECB4  F0FF         	call	_TimeXus	;wreg free
   195  01FFE4                     l52:
   196  01FFE4  AEB1               	btfss	177,7,c	;volatile
   197  01FFE6  EFF7  F0FF         	goto	u21
   198  01FFEA  EFF9  F0FF         	goto	u20
   199  01FFEE                     u21:
   200  01FFEE  EFF2  F0FF         	goto	l52
   201  01FFF2                     u20:
   202  01FFF2                     
   203                           ;main.c: 65:     (LATA |= 0x80);
   204  01FFF2  8EBE               	bsf	190,7,c	;volatile
   205  01FFF4  EFE7  F0FF         	goto	l822
   206  01FFF8  EFFE  F0FF         	goto	start
   207  01FFFC                     __end_of_main:
   208                           	callstack 0
   209                           
   210 ;; *************** function _UserAppRun *****************
   211 ;; Defined at:
   212 ;;		line 122 in file "user_app.c"
   213 ;; Parameters:    Size  Location     Type
   214 ;;		None
   215 ;; Auto vars:     Size  Location     Type
   216 ;;  u8Temp          1    0[COMRAM] unsigned char 
   217 ;; Return value:  Size  Location     Type
   218 ;;                  1    wreg      void 
   219 ;; Registers used:
   220 ;;		wreg, status,2, status,0
   221 ;; Tracked objects:
   222 ;;		On entry : 0/0
   223 ;;		On exit  : 0/0
   224 ;;		Unchanged: 0/0
   225 ;; Data sizes:     COMRAM   BANK5   BANK6   BANK7   BANK8   BANK9  BANK10  BANK11  BANK12  BANK13  BANK14  BANK15  BANK1
      +6  BANK17  BANK18  BANK19  BANK20  BANK21  BANK22  BANK23  BANK24  BANK25  BANK26  BANK27  BANK28  BANK29  BANK30  BANK3
      +1  BANK32  BANK33  BANK34  BANK35  BANK36  BANK37
   226 ;;      Params:         0       0       0       0       0       0       0       0       0       0       0       0       
      +0       0       0       0       0       0       0       0       0       0       0       0       0       0       0       
      +0       0       0       0       0       0       0
   227 ;;      Locals:         1       0       0       0       0       0       0       0       0       0       0       0       
      +0       0       0       0       0       0       0       0       0       0       0       0       0       0       0       
      +0       0       0       0       0       0       0
   228 ;;      Temps:          0       0       0       0       0       0       0       0       0       0       0       0       
      +0       0       0       0       0       0       0       0       0       0       0       0       0       0       0       
      +0       0       0       0       0       0       0
   229 ;;      Totals:         1       0       0       0       0       0       0       0       0       0       0       0       
      +0       0       0       0       0       0       0       0       0       0       0       0       0       0       0       
      +0       0       0       0       0       0       0
   230 ;;Total ram usage:        1 bytes
   231 ;; Hardware stack levels used:    1
   232 ;; This function calls:
   233 ;;		Nothing
   234 ;; This function is called by:
   235 ;;		_main
   236 ;; This function uses a non-reentrant model
   237 ;;
   238                           
   239                           	psect	text1
   240  01FF80                     __ptext1:
   241                           	callstack 0
   242  01FF80                     _UserAppRun:
   243                           	callstack 127
   244  01FF80                     
   245                           ;user_app.c: 124:     static u8 u8Counter = 0x00;;user_app.c: 125:     u8Counter++;
   246  01FF80  2A0D               	incf	UserAppRun@u8Counter^(0+1280),f,c
   247  01FF82                     
   248                           ;user_app.c: 126:     u8 u8Temp = LATA;
   249  01FF82  0061 F2F8  F50F    	movff	1214,UserAppRun@u8Temp	;volatile
   250  01FF88                     
   251                           ;user_app.c: 127:     u8Temp &= 0x80;
   252  01FF88  0E80               	movlw	128
   253  01FF8A  160F               	andwf	UserAppRun@u8Temp^(0+1280),f,c
   254  01FF8C                     
   255                           ;user_app.c: 128:     u8Temp |= (u8Counter & 0x3f);
   256  01FF8C  500D               	movf	UserAppRun@u8Counter^(0+1280),w,c
   257  01FF8E  0B3F               	andlw	63
   258  01FF90  120F               	iorwf	UserAppRun@u8Temp^(0+1280),f,c
   259  01FF92                     
   260                           ;user_app.c: 129:     LATA = u8Temp;
   261  01FF92  0061  F43C  F4BE   	movff	UserAppRun@u8Temp,1214	;volatile
   262  01FF98  0012               	return		;funcret
   263  01FF9A                     __end_of_UserAppRun:
   264                           	callstack 0
   265                           
   266 ;; *************** function _UserAppInitialize *****************
   267 ;; Defined at:
   268 ;;		line 76 in file "user_app.c"
   269 ;; Parameters:    Size  Location     Type
   270 ;;		None
   271 ;; Auto vars:     Size  Location     Type
   272 ;;		None
   273 ;; Return value:  Size  Location     Type
   274 ;;                  1    wreg      void 
   275 ;; Registers used:
   276 ;;		wreg, status,2
   277 ;; Tracked objects:
   278 ;;		On entry : 0/0
   279 ;;		On exit  : 0/0
   280 ;;		Unchanged: 0/0
   281 ;; Data sizes:     COMRAM   BANK5   BANK6   BANK7   BANK8   BANK9  BANK10  BANK11  BANK12  BANK13  BANK14  BANK15  BANK1
      +6  BANK17  BANK18  BANK19  BANK20  BANK21  BANK22  BANK23  BANK24  BANK25  BANK26  BANK27  BANK28  BANK29  BANK30  BANK3
      +1  BANK32  BANK33  BANK34  BANK35  BANK36  BANK37
   282 ;;      Params:         0       0       0       0       0       0       0       0       0       0       0       0       
      +0       0       0       0       0       0       0       0       0       0       0       0       0       0       0       
      +0       0       0       0       0       0       0
   283 ;;      Locals:         0       0       0       0       0       0       0       0       0       0       0       0       
      +0       0       0       0       0       0       0       0       0       0       0       0       0       0       0       
      +0       0       0       0       0       0       0
   284 ;;      Temps:          0       0       0       0       0       0       0       0       0       0       0       0       
      +0       0       0       0       0       0       0       0       0       0       0       0       0       0       0       
      +0       0       0       0       0       0       0
   285 ;;      Totals:         0       0       0       0       0       0       0       0       0       0       0       0       
      +0       0       0       0       0       0       0       0       0       0       0       0       0       0       0       
      +0       0       0       0       0       0       0
   286 ;;Total ram usage:        0 bytes
   287 ;; Hardware stack levels used:    1
   288 ;; This function calls:
   289 ;;		Nothing
   290 ;; This function is called by:
   291 ;;		_main
   292 ;; This function uses a non-reentrant model
   293 ;;
   294                           
   295                           	psect	text2
   296  01FF46                     __ptext2:
   297                           	callstack 0
   298  01FF46                     _UserAppInitialize:
   299                           	callstack 127
   300  01FF46                     
   301                           ;user_app.c: 79:     LATA = 0x80;
   302  01FF46  0E80               	movlw	128
   303  01FF48  6EBE               	movwf	190,c	;volatile
   304                           
   305                           ;user_app.c: 83:     T0CON0 = 0x90;
   306  01FF4A  0E90               	movlw	144
   307  01FF4C  0103               	movlb	3	; () banked
   308  01FF4E  6F1A               	movwf	26,b	;volatile
   309                           
   310                           ;user_app.c: 84:     T0CON1 = 0x54;
   311  01FF50  0E54               	movlw	84
   312  01FF52  6F1B               	movwf	27,b	;volatile
   313  01FF54                     
   314                           ; BSR set to: 3
   315  01FF54  0012               	return		;funcret
   316  01FF56                     __end_of_UserAppInitialize:
   317                           	callstack 0
   318                           
   319 ;; *************** function _TimeXus *****************
   320 ;; Defined at:
   321 ;;		line 101 in file "user_app.c"
   322 ;; Parameters:    Size  Location     Type
   323 ;;  u16Microseco    2    0[COMRAM] unsigned short 
   324 ;; Auto vars:     Size  Location     Type
   325 ;;		None
   326 ;; Return value:  Size  Location     Type
   327 ;;                  1    wreg      void 
   328 ;; Registers used:
   329 ;;		wreg, status,2, status,0
   330 ;; Tracked objects:
   331 ;;		On entry : 0/0
   332 ;;		On exit  : 0/0
   333 ;;		Unchanged: 0/0
   334 ;; Data sizes:     COMRAM   BANK5   BANK6   BANK7   BANK8   BANK9  BANK10  BANK11  BANK12  BANK13  BANK14  BANK15  BANK1
      +6  BANK17  BANK18  BANK19  BANK20  BANK21  BANK22  BANK23  BANK24  BANK25  BANK26  BANK27  BANK28  BANK29  BANK30  BANK3
      +1  BANK32  BANK33  BANK34  BANK35  BANK36  BANK37
   335 ;;      Params:         2       0       0       0       0       0       0       0       0       0       0       0       
      +0       0       0       0       0       0       0       0       0       0       0       0       0       0       0       
      +0       0       0       0       0       0       0
   336 ;;      Locals:         0       0       0       0       0       0       0       0       0       0       0       0       
      +0       0       0       0       0       0       0       0       0       0       0       0       0       0       0       
      +0       0       0       0       0       0       0
   337 ;;      Temps:          0       0       0       0       0       0       0       0       0       0       0       0       
      +0       0       0       0       0       0       0       0       0       0       0       0       0       0       0       
      +0       0       0       0       0       0       0
   338 ;;      Totals:         2       0       0       0       0       0       0       0       0       0       0       0       
      +0       0       0       0       0       0       0       0       0       0       0       0       0       0       0       
      +0       0       0       0       0       0       0
   339 ;;Total ram usage:        2 bytes
   340 ;; Hardware stack levels used:    1
   341 ;; This function calls:
   342 ;;		Nothing
   343 ;; This function is called by:
   344 ;;		_main
   345 ;; This function uses a non-reentrant model
   346 ;;
   347                           
   348                           	psect	text3
   349  01FF68                     __ptext3:
   350                           	callstack 0
   351  01FF68                     _TimeXus:
   352                           	callstack 127
   353  01FF68                     
   354                           ;user_app.c: 101: void TimeXus(u16 u16Microseconds);user_app.c: 102: {;user_app.c: 103: 
      +                              T0CON0 = 0x10;
   355  01FF68  0E10               	movlw	16
   356  01FF6A  0103               	movlb	3	; () banked
   357  01FF6C  6F1A               	movwf	26,b	;volatile
   358  01FF6E                     
   359                           ; BSR set to: 3
   360                           ;user_app.c: 104:     TMR0L = u16Microseconds & 0x00ff;
   361  01FF6E  0061  F43C  F318   	movff	TimeXus@u16Microseconds,792	;volatile
   362                           
   363                           ;user_app.c: 105:     TMR0H = (u16Microseconds & 0xff00) >> 8;
   364  01FF74  5010               	movf	(TimeXus@u16Microseconds+1)^(0+1280),w,c
   365  01FF76  6F19               	movwf	25,b	;volatile
   366  01FF78                     
   367                           ; BSR set to: 3
   368                           ;user_app.c: 106:     PIR3 &= 0x7f;
   369  01FF78  9EB1               	bcf	177,7,c	;volatile
   370  01FF7A                     
   371                           ; BSR set to: 3
   372                           ;user_app.c: 107:     T0CON0 = 0x90;
   373  01FF7A  0E90               	movlw	144
   374  01FF7C  6F1A               	movwf	26,b	;volatile
   375  01FF7E                     
   376                           ; BSR set to: 3
   377  01FF7E  0012               	return		;funcret
   378  01FF80                     __end_of_TimeXus:
   379                           	callstack 0
   380                           
   381 ;; *************** function _SystemSleep *****************
   382 ;; Defined at:
   383 ;;		line 132 in file "encm369_pic18.c"
   384 ;; Parameters:    Size  Location     Type
   385 ;;		None
   386 ;; Auto vars:     Size  Location     Type
   387 ;;		None
   388 ;; Return value:  Size  Location     Type
   389 ;;                  1    wreg      void 
   390 ;; Registers used:
   391 ;;		None
   392 ;; Tracked objects:
   393 ;;		On entry : 0/0
   394 ;;		On exit  : 0/0
   395 ;;		Unchanged: 0/0
   396 ;; Data sizes:     COMRAM   BANK5   BANK6   BANK7   BANK8   BANK9  BANK10  BANK11  BANK12  BANK13  BANK14  BANK15  BANK1
      +6  BANK17  BANK18  BANK19  BANK20  BANK21  BANK22  BANK23  BANK24  BANK25  BANK26  BANK27  BANK28  BANK29  BANK30  BANK3
      +1  BANK32  BANK33  BANK34  BANK35  BANK36  BANK37
   397 ;;      Params:         0       0       0       0       0       0       0       0       0       0       0       0       
      +0       0       0       0       0       0       0       0       0       0       0       0       0       0       0       
      +0       0       0       0       0       0       0
   398 ;;      Locals:         0       0       0       0       0       0       0       0       0       0       0       0       
      +0       0       0       0       0       0       0       0       0       0       0       0       0       0       0       
      +0       0       0       0       0       0       0
   399 ;;      Temps:          0       0       0       0       0       0       0       0       0       0       0       0       
      +0       0       0       0       0       0       0       0       0       0       0       0       0       0       0       
      +0       0       0       0       0       0       0
   400 ;;      Totals:         0       0       0       0       0       0       0       0       0       0       0       0       
      +0       0       0       0       0       0       0       0       0       0       0       0       0       0       0       
      +0       0       0       0       0       0       0
   401 ;;Total ram usage:        0 bytes
   402 ;; Hardware stack levels used:    1
   403 ;; This function calls:
   404 ;;		Nothing
   405 ;; This function is called by:
   406 ;;		_main
   407 ;; This function uses a non-reentrant model
   408 ;;
   409                           
   410                           	psect	text4
   411  01FF34                     __ptext4:
   412                           	callstack 0
   413  01FF34                     _SystemSleep:
   414                           	callstack 127
   415  01FF34  0012               	return		;funcret
   416  01FF36                     __end_of_SystemSleep:
   417                           	callstack 0
   418                           
   419 ;; *************** function _SysTickSetup *****************
   420 ;; Defined at:
   421 ;;		line 110 in file "encm369_pic18.c"
   422 ;; Parameters:    Size  Location     Type
   423 ;;		None
   424 ;; Auto vars:     Size  Location     Type
   425 ;;		None
   426 ;; Return value:  Size  Location     Type
   427 ;;                  1    wreg      void 
   428 ;; Registers used:
   429 ;;		wreg, status,2
   430 ;; Tracked objects:
   431 ;;		On entry : 0/0
   432 ;;		On exit  : 0/0
   433 ;;		Unchanged: 0/0
   434 ;; Data sizes:     COMRAM   BANK5   BANK6   BANK7   BANK8   BANK9  BANK10  BANK11  BANK12  BANK13  BANK14  BANK15  BANK1
      +6  BANK17  BANK18  BANK19  BANK20  BANK21  BANK22  BANK23  BANK24  BANK25  BANK26  BANK27  BANK28  BANK29  BANK30  BANK3
      +1  BANK32  BANK33  BANK34  BANK35  BANK36  BANK37
   435 ;;      Params:         0       0       0       0       0       0       0       0       0       0       0       0       
      +0       0       0       0       0       0       0       0       0       0       0       0       0       0       0       
      +0       0       0       0       0       0       0
   436 ;;      Locals:         0       0       0       0       0       0       0       0       0       0       0       0       
      +0       0       0       0       0       0       0       0       0       0       0       0       0       0       0       
      +0       0       0       0       0       0       0
   437 ;;      Temps:          0       0       0       0       0       0       0       0       0       0       0       0       
      +0       0       0       0       0       0       0       0       0       0       0       0       0       0       0       
      +0       0       0       0       0       0       0
   438 ;;      Totals:         0       0       0       0       0       0       0       0       0       0       0       0       
      +0       0       0       0       0       0       0       0       0       0       0       0       0       0       0       
      +0       0       0       0       0       0       0
   439 ;;Total ram usage:        0 bytes
   440 ;; Hardware stack levels used:    1
   441 ;; This function calls:
   442 ;;		Nothing
   443 ;; This function is called by:
   444 ;;		_main
   445 ;; This function uses a non-reentrant model
   446 ;;
   447                           
   448                           	psect	text5
   449  01FF9A                     __ptext5:
   450                           	callstack 0
   451  01FF9A                     _SysTickSetup:
   452                           	callstack 127
   453  01FF9A                     
   454                           ;encm369_pic18.c: 112:   G_u32SystemTime1ms = 0;
   455  01FF9A  0E00               	movlw	0
   456  01FF9C  6E09               	movwf	_G_u32SystemTime1ms^(0+1280),c	;volatile
   457  01FF9E  0E00               	movlw	0
   458  01FFA0  6E0A               	movwf	(_G_u32SystemTime1ms+1)^(0+1280),c	;volatile
   459  01FFA2  0E00               	movlw	0
   460  01FFA4  6E0B               	movwf	(_G_u32SystemTime1ms+2)^(0+1280),c	;volatile
   461  01FFA6  0E00               	movlw	0
   462  01FFA8  6E0C               	movwf	(_G_u32SystemTime1ms+3)^(0+1280),c	;volatile
   463                           
   464                           ;encm369_pic18.c: 113:   G_u32SystemTime1s = 0;
   465  01FFAA  0E00               	movlw	0
   466  01FFAC  6E05               	movwf	_G_u32SystemTime1s^(0+1280),c	;volatile
   467  01FFAE  0E00               	movlw	0
   468  01FFB0  6E06               	movwf	(_G_u32SystemTime1s+1)^(0+1280),c	;volatile
   469  01FFB2  0E00               	movlw	0
   470  01FFB4  6E07               	movwf	(_G_u32SystemTime1s+2)^(0+1280),c	;volatile
   471  01FFB6  0E00               	movlw	0
   472  01FFB8  6E08               	movwf	(_G_u32SystemTime1s+3)^(0+1280),c	;volatile
   473  01FFBA  0012               	return		;funcret
   474  01FFBC                     __end_of_SysTickSetup:
   475                           	callstack 0
   476                           
   477 ;; *************** function _GpioSetup *****************
   478 ;; Defined at:
   479 ;;		line 89 in file "encm369_pic18.c"
   480 ;; Parameters:    Size  Location     Type
   481 ;;		None
   482 ;; Auto vars:     Size  Location     Type
   483 ;;		None
   484 ;; Return value:  Size  Location     Type
   485 ;;                  1    wreg      void 
   486 ;; Registers used:
   487 ;;		wreg, status,2
   488 ;; Tracked objects:
   489 ;;		On entry : 0/0
   490 ;;		On exit  : 0/0
   491 ;;		Unchanged: 0/0
   492 ;; Data sizes:     COMRAM   BANK5   BANK6   BANK7   BANK8   BANK9  BANK10  BANK11  BANK12  BANK13  BANK14  BANK15  BANK1
      +6  BANK17  BANK18  BANK19  BANK20  BANK21  BANK22  BANK23  BANK24  BANK25  BANK26  BANK27  BANK28  BANK29  BANK30  BANK3
      +1  BANK32  BANK33  BANK34  BANK35  BANK36  BANK37
   493 ;;      Params:         0       0       0       0       0       0       0       0       0       0       0       0       
      +0       0       0       0       0       0       0       0       0       0       0       0       0       0       0       
      +0       0       0       0       0       0       0
   494 ;;      Locals:         0       0       0       0       0       0       0       0       0       0       0       0       
      +0       0       0       0       0       0       0       0       0       0       0       0       0       0       0       
      +0       0       0       0       0       0       0
   495 ;;      Temps:          0       0       0       0       0       0       0       0       0       0       0       0       
      +0       0       0       0       0       0       0       0       0       0       0       0       0       0       0       
      +0       0       0       0       0       0       0
   496 ;;      Totals:         0       0       0       0       0       0       0       0       0       0       0       0       
      +0       0       0       0       0       0       0       0       0       0       0       0       0       0       0       
      +0       0       0       0       0       0       0
   497 ;;Total ram usage:        0 bytes
   498 ;; Hardware stack levels used:    1
   499 ;; This function calls:
   500 ;;		Nothing
   501 ;; This function is called by:
   502 ;;		_main
   503 ;; This function uses a non-reentrant model
   504 ;;
   505                           
   506                           	psect	text6
   507  01FF36                     __ptext6:
   508                           	callstack 0
   509  01FF36                     _GpioSetup:
   510                           	callstack 127
   511  01FF36                     
   512                           ;encm369_pic18.c: 91:     TRISA = 0x00;
   513  01FF36  0E00               	movlw	0
   514  01FF38  6EC6               	movwf	198,c	;volatile
   515                           
   516                           ;encm369_pic18.c: 92:     ANSELA = 0x00;
   517  01FF3A  0E00               	movlw	0
   518  01FF3C  0104               	movlb	4	; () banked
   519  01FF3E  6F00               	movwf	0,b	;volatile
   520                           
   521                           ;encm369_pic18.c: 93:     LATA = 0x80;
   522  01FF40  0E80               	movlw	128
   523  01FF42  6EBE               	movwf	190,c	;volatile
   524  01FF44                     
   525                           ; BSR set to: 4
   526  01FF44  0012               	return		;funcret
   527  01FF46                     __end_of_GpioSetup:
   528                           	callstack 0
   529                           
   530 ;; *************** function _ClockSetup *****************
   531 ;; Defined at:
   532 ;;		line 70 in file "encm369_pic18.c"
   533 ;; Parameters:    Size  Location     Type
   534 ;;		None
   535 ;; Auto vars:     Size  Location     Type
   536 ;;		None
   537 ;; Return value:  Size  Location     Type
   538 ;;                  1    wreg      void 
   539 ;; Registers used:
   540 ;;		None
   541 ;; Tracked objects:
   542 ;;		On entry : 0/0
   543 ;;		On exit  : 0/0
   544 ;;		Unchanged: 0/0
   545 ;; Data sizes:     COMRAM   BANK5   BANK6   BANK7   BANK8   BANK9  BANK10  BANK11  BANK12  BANK13  BANK14  BANK15  BANK1
      +6  BANK17  BANK18  BANK19  BANK20  BANK21  BANK22  BANK23  BANK24  BANK25  BANK26  BANK27  BANK28  BANK29  BANK30  BANK3
      +1  BANK32  BANK33  BANK34  BANK35  BANK36  BANK37
   546 ;;      Params:         0       0       0       0       0       0       0       0       0       0       0       0       
      +0       0       0       0       0       0       0       0       0       0       0       0       0       0       0       
      +0       0       0       0       0       0       0
   547 ;;      Locals:         0       0       0       0       0       0       0       0       0       0       0       0       
      +0       0       0       0       0       0       0       0       0       0       0       0       0       0       0       
      +0       0       0       0       0       0       0
   548 ;;      Temps:          0       0       0       0       0       0       0       0       0       0       0       0       
      +0       0       0       0       0       0       0       0       0       0       0       0       0       0       0       
      +0       0       0       0       0       0       0
   549 ;;      Totals:         0       0       0       0       0       0       0       0       0       0       0       0       
      +0       0       0       0       0       0       0       0       0       0       0       0       0       0       0       
      +0       0       0       0       0       0       0
   550 ;;Total ram usage:        0 bytes
   551 ;; Hardware stack levels used:    1
   552 ;; This function calls:
   553 ;;		Nothing
   554 ;; This function is called by:
   555 ;;		_main
   556 ;; This function uses a non-reentrant model
   557 ;;
   558                           
   559                           	psect	text7
   560  01FF32                     __ptext7:
   561                           	callstack 0
   562  01FF32                     _ClockSetup:
   563                           	callstack 127
   564  01FF32  0012               	return		;funcret
   565  01FF34                     __end_of_ClockSetup:
   566                           	callstack 0
   567  0000                     
   568                           	psect	rparam
   569  0000                     
   570                           	psect	idloc
   571                           
   572                           ;Config register IDLOC0 @ 0x200000
   573                           ;	unspecified, using default values
   574  200000                     	org	2097152
   575  200000  0FFF               	dw	4095
   576                           
   577                           ;Config register IDLOC1 @ 0x200002
   578                           ;	unspecified, using default values
   579  200002                     	org	2097154
   580  200002  0FFF               	dw	4095
   581                           
   582                           ;Config register IDLOC2 @ 0x200004
   583                           ;	unspecified, using default values
   584  200004                     	org	2097156
   585  200004  0FFF               	dw	4095
   586                           
   587                           ;Config register IDLOC3 @ 0x200006
   588                           ;	unspecified, using default values
   589  200006                     	org	2097158
   590  200006  0FFF               	dw	4095
   591                           
   592                           ;Config register IDLOC4 @ 0x200008
   593                           ;	unspecified, using default values
   594  200008                     	org	2097160
   595  200008  0FFF               	dw	4095
   596                           
   597                           ;Config register IDLOC5 @ 0x20000A
   598                           ;	unspecified, using default values
   599  20000A                     	org	2097162
   600  20000A  0FFF               	dw	4095
   601                           
   602                           ;Config register IDLOC6 @ 0x20000C
   603                           ;	unspecified, using default values
   604  20000C                     	org	2097164
   605  20000C  0FFF               	dw	4095
   606                           
   607                           ;Config register IDLOC7 @ 0x20000E
   608                           ;	unspecified, using default values
   609  20000E                     	org	2097166
   610  20000E  0FFF               	dw	4095
   611                           
   612                           ;Config register IDLOC8 @ 0x200010
   613                           ;	unspecified, using default values
   614  200010                     	org	2097168
   615  200010  0FFF               	dw	4095
   616                           
   617                           ;Config register IDLOC9 @ 0x200012
   618                           ;	unspecified, using default values
   619  200012                     	org	2097170
   620  200012  0FFF               	dw	4095
   621                           
   622                           ;Config register IDLOC10 @ 0x200014
   623                           ;	unspecified, using default values
   624  200014                     	org	2097172
   625  200014  0FFF               	dw	4095
   626                           
   627                           ;Config register IDLOC11 @ 0x200016
   628                           ;	unspecified, using default values
   629  200016                     	org	2097174
   630  200016  0FFF               	dw	4095
   631                           
   632                           ;Config register IDLOC12 @ 0x200018
   633                           ;	unspecified, using default values
   634  200018                     	org	2097176
   635  200018  0FFF               	dw	4095
   636                           
   637                           ;Config register IDLOC13 @ 0x20001A
   638                           ;	unspecified, using default values
   639  20001A                     	org	2097178
   640  20001A  0FFF               	dw	4095
   641                           
   642                           ;Config register IDLOC14 @ 0x20001C
   643                           ;	unspecified, using default values
   644  20001C                     	org	2097180
   645  20001C  0FFF               	dw	4095
   646                           
   647                           ;Config register IDLOC15 @ 0x20001E
   648                           ;	unspecified, using default values
   649  20001E                     	org	2097182
   650  20001E  0FFF               	dw	4095
   651                           
   652                           	psect	config
   653                           
   654                           ;Config register CONFIG1 @ 0x300000
   655                           ;	External Oscillator Selection
   656                           ;	FEXTOSC = OFF, Oscillator not enabled
   657                           ;	Reset Oscillator Selection
   658                           ;	RSTOSC = HFINTOSC_64MHZ, HFINTOSC with HFFRQ = 64 MHz and CDIV = 1:1
   659  300000                     	org	3145728
   660  300000  8C                 	db	140
   661                           
   662                           ;Config register CONFIG2 @ 0x300001
   663                           ;	Clock out Enable bit
   664                           ;	CLKOUTEN = ON, CLKOUT function is enabled
   665                           ;	PRLOCKED One-Way Set Enable bit
   666                           ;	PR1WAY = ON, PRLOCKED bit can be cleared and set only once
   667                           ;	Clock Switch Enable bit
   668                           ;	CSWEN = ON, Writing to NOSC and NDIV is allowed
   669                           ;	Fail-Safe Clock Monitor Enable bit
   670                           ;	FCMEN = ON, Fail-Safe Clock Monitor enabled
   671  300001                     	org	3145729
   672  300001  FE                 	db	254
   673                           
   674                           ;Config register CONFIG3 @ 0x300002
   675                           ;	MCLR Enable bit
   676                           ;	MCLRE = EXTMCLR, If LVP = 0, MCLR pin is MCLR; If LVP = 1, RE3 pin function is MCLR
   677                           ;	Power-up timer selection bits
   678                           ;	PWRTS = PWRT_OFF, PWRT is disabled
   679                           ;	Multi-vector enable bit
   680                           ;	MVECEN = ON, Multi-vector enabled, Vector table used for interrupts
   681                           ;	IVTLOCK bit One-way set enable bit
   682                           ;	IVT1WAY = ON, IVTLOCKED bit can be cleared and set only once
   683                           ;	Low Power BOR Enable bit
   684                           ;	LPBOREN = OFF, Low-Power BOR disabled
   685                           ;	Brown-out Reset Enable bits
   686                           ;	BOREN = SBORDIS, Brown-out Reset enabled , SBOREN bit is ignored
   687  300002                     	org	3145730
   688  300002  FF                 	db	255
   689                           
   690                           ;Config register CONFIG4 @ 0x300003
   691                           ;	Brown-out Reset Voltage Selection bits
   692                           ;	BORV = VBOR_2P85, Brown-out Reset Voltage (VBOR) set to 2.8V
   693                           ;	ZCD Disable bit
   694                           ;	ZCD = OFF, ZCD module is disabled. ZCD can be enabled by setting the ZCDSEN bit of ZCD
      +                          CON
   695                           ;	PPSLOCK bit One-Way Set Enable bit
   696                           ;	PPS1WAY = ON, PPSLOCKED bit can be cleared and set only once; PPS registers remain loc
      +                          ked after one clear/set cycle
   697                           ;	Stack Full/Underflow Reset Enable bit
   698                           ;	STVREN = ON, Stack full/underflow will cause Reset
   699                           ;	Low Voltage Programming Enable bit
   700                           ;	LVP = ON, Low voltage programming enabled. MCLR/VPP pin function is MCLR. MCLRE config
      +                          uration bit is ignored
   701                           ;	Extended Instruction Set Enable bit
   702                           ;	XINST = OFF, Extended Instruction Set and Indexed Addressing Mode disabled
   703  300003                     	org	3145731
   704  300003  FC                 	db	252
   705                           
   706                           ;Config register CONFIG5 @ 0x300004
   707                           ;	WDT Period selection bits
   708                           ;	WDTCPS = WDTCPS_31, Divider ratio 1:65536; software control of WDTPS
   709                           ;	WDT operating mode
   710                           ;	WDTE = OFF, WDT Disabled; SWDTEN is ignored
   711  300004                     	org	3145732
   712  300004  9F                 	db	159
   713                           
   714                           ;Config register CONFIG6 @ 0x300005
   715                           ;	WDT Window Select bits
   716                           ;	WDTCWS = WDTCWS_7, window always open (100%); software control; keyed access not requi
      +                          red
   717                           ;	WDT input clock selector
   718                           ;	WDTCCS = SC, Software Control
   719  300005                     	org	3145733
   720  300005  FF                 	db	255
   721                           
   722                           ;Config register CONFIG7 @ 0x300006
   723                           ;	Boot Block Size selection bits
   724                           ;	BBSIZE = BBSIZE_512, Boot Block size is 512 words
   725                           ;	Boot Block enable bit
   726                           ;	BBEN = OFF, Boot block disabled
   727                           ;	Storage Area Flash enable bit
   728                           ;	SAFEN = OFF, SAF disabled
   729                           ;	Background Debugger
   730                           ;	DEBUG = OFF, Background Debugger disabled
   731  300006                     	org	3145734
   732  300006  FF                 	db	255
   733                           
   734                           ;Config register CONFIG8 @ 0x300007
   735                           ;	Boot Block Write Protection bit
   736                           ;	WRTB = OFF, Boot Block not Write protected
   737                           ;	Configuration Register Write Protection bit
   738                           ;	WRTC = OFF, Configuration registers not Write protected
   739                           ;	Data EEPROM Write Protection bit
   740                           ;	WRTD = OFF, Data EEPROM not Write protected
   741                           ;	SAF Write protection bit
   742                           ;	WRTSAF = OFF, SAF not Write Protected
   743                           ;	Application Block write protection bit
   744                           ;	WRTAPP = OFF, Application Block not write protected
   745  300007                     	org	3145735
   746  300007  FF                 	db	255
   747                           
   748                           ; Padding undefined space
   749  300008                     	org	3145736
   750  300008  FF                 	db	255
   751                           
   752                           ;Config register CONFIG10 @ 0x300009
   753                           ;	PFM and Data EEPROM Code Protection bit
   754                           ;	CP = OFF, PFM and Data EEPROM code protection disabled
   755  300009                     	org	3145737
   756  300009  FF                 	db	255
   757                           tosu	equ	0x4FF
   758                           tosh	equ	0x4FE
   759                           tosl	equ	0x4FD
   760                           stkptr	equ	0x4FC
   761                           pclatu	equ	0x4FB
   762                           pclath	equ	0x4FA
   763                           pcl	equ	0x4F9
   764                           tblptru	equ	0x4F8
   765                           tblptrh	equ	0x4F7
   766                           tblptrl	equ	0x4F6
   767                           tablat	equ	0x4F5
   768                           prodh	equ	0x4F4
   769                           prodl	equ	0x4F3
   770                           indf0	equ	0x4EF
   771                           postinc0	equ	0x4EE
   772                           postdec0	equ	0x4ED
   773                           preinc0	equ	0x4EC
   774                           plusw0	equ	0x4EB
   775                           fsr0h	equ	0x4EA
   776                           fsr0l	equ	0x4E9
   777                           wreg	equ	0x4E8
   778                           indf1	equ	0x4E7
   779                           postinc1	equ	0x4E6
   780                           postdec1	equ	0x4E5
   781                           preinc1	equ	0x4E4
   782                           plusw1	equ	0x4E3
   783                           fsr1h	equ	0x4E2
   784                           fsr1l	equ	0x4E1
   785                           bsr	equ	0x4E0
   786                           indf2	equ	0x4DF
   787                           postinc2	equ	0x4DE
   788                           postdec2	equ	0x4DD
   789                           preinc2	equ	0x4DC
   790                           plusw2	equ	0x4DB
   791                           fsr2h	equ	0x4DA
   792                           fsr2l	equ	0x4D9
   793                           status	equ	0x4D8

Data Sizes:
    Strings     0
    Constant    0
    Data        0
    BSS         14
    Persistent  0
    Stack       0

Auto Spaces:
    Space          Size  Autos    Used
    COMRAM           95      2      16
    BANK5           160      0       0
    BANK6           256      0       0
    BANK7           256      0       0
    BANK8           256      0       0
    BANK9           256      0       0
    BANK10          256      0       0
    BANK11          256      0       0
    BANK12          256      0       0
    BANK13          256      0       0
    BANK14          256      0       0
    BANK15          256      0       0
    BANK16          256      0       0
    BANK17          256      0       0
    BANK18          256      0       0
    BANK19          256      0       0
    BANK20          256      0       0
    BANK21          256      0       0
    BANK22          256      0       0
    BANK23          256      0       0
    BANK24          256      0       0
    BANK25          256      0       0
    BANK26          256      0       0
    BANK27          256      0       0
    BANK28          256      0       0
    BANK29          256      0       0
    BANK30          256      0       0
    BANK31          256      0       0
    BANK32          256      0       0
    BANK33          256      0       0
    BANK34          256      0       0
    BANK35          256      0       0
    BANK36          256      0       0
    BANK37          256      0       0

Pointer List with Targets:

    None.

Critical Paths under _main in COMRAM

    _main->_TimeXus

Critical Paths under _main in BANK5

    None.

Critical Paths under _main in BANK6

    None.

Critical Paths under _main in BANK7

    None.

Critical Paths under _main in BANK8

    None.

Critical Paths under _main in BANK9

    None.

Critical Paths under _main in BANK10

    None.

Critical Paths under _main in BANK11

    None.

Critical Paths under _main in BANK12

    None.

Critical Paths under _main in BANK13

    None.

Critical Paths under _main in BANK14

    None.

Critical Paths under _main in BANK15

    None.

Critical Paths under _main in BANK16

    None.

Critical Paths under _main in BANK17

    None.

Critical Paths under _main in BANK18

    None.

Critical Paths under _main in BANK19

    None.

Critical Paths under _main in BANK20

    None.

Critical Paths under _main in BANK21

    None.

Critical Paths under _main in BANK22

    None.

Critical Paths under _main in BANK23

    None.

Critical Paths under _main in BANK24

    None.

Critical Paths under _main in BANK25

    None.

Critical Paths under _main in BANK26

    None.

Critical Paths under _main in BANK27

    None.

Critical Paths under _main in BANK28

    None.

Critical Paths under _main in BANK29

    None.

Critical Paths under _main in BANK30

    None.

Critical Paths under _main in BANK31

    None.

Critical Paths under _main in BANK32

    None.

Critical Paths under _main in BANK33

    None.

Critical Paths under _main in BANK34

    None.

Critical Paths under _main in BANK35

    None.

Critical Paths under _main in BANK36

    None.

Critical Paths under _main in BANK37

    None.

Call Graph Tables:

 ---------------------------------------------------------------------------------
 (Depth) Function   	        Calls       Base Space   Used Autos Params    Refs
 ---------------------------------------------------------------------------------
 (0) _main                                                 0     0      0     135
                         _ClockSetup
                          _GpioSetup
                       _SysTickSetup
                        _SystemSleep
                            _TimeXus
                  _UserAppInitialize
                         _UserAppRun
 ---------------------------------------------------------------------------------
 (1) _UserAppRun                                           1     1      0      15
                                              0 COMRAM     1     1      0
 ---------------------------------------------------------------------------------
 (1) _UserAppInitialize                                    0     0      0       0
 ---------------------------------------------------------------------------------
 (1) _TimeXus                                              2     0      2     120
                                              0 COMRAM     2     0      2
 ---------------------------------------------------------------------------------
 (1) _SystemSleep                                          0     0      0       0
 ---------------------------------------------------------------------------------
 (1) _SysTickSetup                                         0     0      0       0
 ---------------------------------------------------------------------------------
 (1) _GpioSetup                                            0     0      0       0
 ---------------------------------------------------------------------------------
 (1) _ClockSetup                                           0     0      0       0
 ---------------------------------------------------------------------------------
 Estimated maximum stack depth 1
 ---------------------------------------------------------------------------------

 Call Graph Graphs:

 _main (ROOT)
   _ClockSetup
   _GpioSetup
   _SysTickSetup
   _SystemSleep
   _TimeXus
   _UserAppInitialize
   _UserAppRun

 Address spaces:
Name               Size   Autos  Total    Cost      Usage
BIGRAM            20FF      0       0      71        0.0%
EEDATA             400      0       0       0        0.0%
BITBANK37          100      0       0      70        0.0%
BANK37             100      0       0      68        0.0%
BITBANK36          100      0       0      66        0.0%
BANK36             100      0       0      67        0.0%
BITBANK35          100      0       0      64        0.0%
BANK35             100      0       0      65        0.0%
BITBANK34          100      0       0      62        0.0%
BANK34             100      0       0      63        0.0%
BITBANK33          100      0       0      60        0.0%
BANK33             100      0       0      61        0.0%
BITBANK32          100      0       0      58        0.0%
BANK32             100      0       0      59        0.0%
BITBANK31          100      0       0      56        0.0%
BANK31             100      0       0      57        0.0%
BITBANK30          100      0       0      54        0.0%
BANK30             100      0       0      55        0.0%
BITBANK29          100      0       0      52        0.0%
BANK29             100      0       0      53        0.0%
BITBANK28          100      0       0      50        0.0%
BANK28             100      0       0      51        0.0%
BITBANK27          100      0       0      48        0.0%
BANK27             100      0       0      49        0.0%
BITBANK26          100      0       0      46        0.0%
BANK26             100      0       0      47        0.0%
BITBANK25          100      0       0      44        0.0%
BANK25             100      0       0      45        0.0%
BITBANK24          100      0       0      42        0.0%
BANK24             100      0       0      43        0.0%
BITBANK23          100      0       0      40        0.0%
BANK23             100      0       0      41        0.0%
BITBANK22          100      0       0      38        0.0%
BANK22             100      0       0      39        0.0%
BITBANK21          100      0       0      36        0.0%
BANK21             100      0       0      37        0.0%
BITBANK20          100      0       0      34        0.0%
BANK20             100      0       0      35        0.0%
BITBANK19          100      0       0      32        0.0%
BANK19             100      0       0      33        0.0%
BITBANK18          100      0       0      30        0.0%
BANK18             100      0       0      31        0.0%
BITBANK17          100      0       0      28        0.0%
BANK17             100      0       0      29        0.0%
BITBANK16          100      0       0      26        0.0%
BANK16             100      0       0      27        0.0%
BITBANK15          100      0       0      24        0.0%
BANK15             100      0       0      25        0.0%
BITBANK14          100      0       0      22        0.0%
BANK14             100      0       0      23        0.0%
BITBANK13          100      0       0      20        0.0%
BANK13             100      0       0      21        0.0%
BITBANK12          100      0       0      18        0.0%
BANK12             100      0       0      19        0.0%
BITBANK11          100      0       0      16        0.0%
BANK11             100      0       0      17        0.0%
BITBANK10          100      0       0      14        0.0%
BANK10             100      0       0      15        0.0%
BITBANK9           100      0       0      12        0.0%
BANK9              100      0       0      13        0.0%
BITBANK8           100      0       0      10        0.0%
BANK8              100      0       0      11        0.0%
BITBANK7           100      0       0       8        0.0%
BANK7              100      0       0       9        0.0%
BITBANK6           100      0       0       6        0.0%
BANK6              100      0       0       7        0.0%
BITBANK5            A0      0       0       4        0.0%
BANK5               A0      0       0       5        0.0%
BITCOMRAM           5F      0       0       0        0.0%
COMRAM              5F      2      10       1       16.8%
BITSFR_5             0      0       0     200        0.0%
SFR_5                0      0       0     200        0.0%
BITSFR_4             0      0       0     200        0.0%
SFR_4                0      0       0     200        0.0%
BITSFR_3             0      0       0     200        0.0%
SFR_3                0      0       0     200        0.0%
BITSFR_2             0      0       0     200        0.0%
SFR_2                0      0       0     200        0.0%
BITSFR_1             0      0       0     200        0.0%
SFR_1                0      0       0     200        0.0%
BITSFR               0      0       0     200        0.0%
SFR                  0      0       0     200        0.0%
STACK                0      0       0       2        0.0%
NULL                 0      0       0       0        0.0%
ABS                  0      0      10      69        0.0%
DATA                 0      0      10       3        0.0%
CODE                 0      0       0       0        0.0%


Microchip Technology PIC18 Macro Assembler V2.31 build 20201012212115 
Symbol Table                                                                                   Mon Mar 01 10:38:05 2021

     __size_of_SysTickSetup 0022                          l13 FF32                          l22 FF34  
                        l16 FF44                          l19 FFBA                          l52 FFE4  
                        l74 FF54                          l82 FF98                          l77 FF7E  
                        u20 FFF2                          u21 FFEE                         l802 FF9A  
                       l810 FF7A                         l804 FF68                         l820 FFCA  
                       l812 FFBC                         l806 FF6E                         l830 FFF2  
                       l822 FFCE                         l814 FFBE                         l808 FF78  
                       l824 FFD2                         l816 FFC2                         l762 FF46  
                       l770 FF8C                         l826 FFD4                         l818 FFC6  
                       l772 FF92                         l764 FF80                         l828 FFD8  
                       l758 FF36                         l766 FF82                         l768 FF88  
                       wreg 0004E8                        _LATA 0004BE                        _PIR3 0004B1  
                      _main FFBC                _SysTickSetup FF9A                        start FFFC  
      __size_of_SystemSleep 0002                ___param_bank 000000                  _ClockSetup FF32  
           __end_of_TimeXus FF80                       ?_main 050F                       _TMR0H 000319  
                     _TMR0L 000318                       _TRISA 0004C6             __initialization FF56  
              __end_of_main FFFC                      ??_main 0511               __activetblptr 000000  
                    _ANSELA 000400                      _T0CON0 00031A                      _T0CON1 00031B  
        __size_of_GpioSetup 0010                   ??_TimeXus 0511                 ?_ClockSetup 050F  
                    clear_0 FF5C                  _UserAppRun FF80                  __accesstop 0560  
   __end_of__initialization FF62               ___rparam_used 000001            _G_u8UserAppFlags 050E  
            __pcstackCOMRAM 050F      TimeXus@u16Microseconds 050F           __end_of_GpioSetup FF46  
       __size_of_ClockSetup 0002                 ?_UserAppRun 050F               ??_SystemSleep 050F  
                   __Hparam 0000                     __Lparam 0000                     _TimeXus FF68  
                   __pcinit FF56                     __ramtop 2600                     __ptext0 FFBC  
                   __ptext1 FF80                     __ptext2 FF46                     __ptext3 FF68  
                   __ptext4 FF34                     __ptext5 FF9A                     __ptext6 FF36  
                   __ptext7 FF32        end_of_initialization FF62            _G_u32SystemFlags 0501  
                   postinc0 0004EE         __end_of_SystemSleep FF36                ??_ClockSetup 050F  
       __size_of_UserAppRun 001A          __end_of_ClockSetup FF34                   _GpioSetup FF36  
       start_initialization FF56               ?_SysTickSetup 050F                 _SystemSleep FF34  
                ?_GpioSetup 050F                 __pbssCOMRAM 0501           _UserAppInitialize FF46  
              ??_UserAppRun 050F          ?_UserAppInitialize 050F              ??_SysTickSetup 050F  
       ??_UserAppInitialize 050F                    ?_TimeXus 050F          __end_of_UserAppRun FF9A  
 __end_of_UserAppInitialize FF56                 ??_GpioSetup 050F                    __Hrparam 0000  
                  __Lrparam 0000            __size_of_TimeXus 0018         UserAppRun@u8Counter 050D  
      __end_of_SysTickSetup FFBC  __size_of_UserAppInitialize 0010            UserAppRun@u8Temp 050F  
             __size_of_main 0040                ?_SystemSleep 050F          _G_u32SystemTime1ms 0509  
         _G_u32SystemTime1s 0505  
